[2019-12-11 01:25:44,800] DEBUG preRegister called. Server=com.sun.jmx.mbeanserver.JmxMBeanServer@66d3c617, name=log4j:logger=kafka.controller (kafka.controller)
[2019-12-11 01:27:18,259] INFO [ControllerEventThread controllerId=0] Starting (kafka.controller.ControllerEventManager$ControllerEventThread)
[2019-12-11 01:27:18,282] INFO [Controller id=0] 0 successfully elected as the controller. Epoch incremented to 1 and epoch zk version is now 1 (kafka.controller.KafkaController)
[2019-12-11 01:27:18,282] INFO [Controller id=0] Registering handlers (kafka.controller.KafkaController)
[2019-12-11 01:27:18,287] INFO [Controller id=0] Deleting log dir event notifications (kafka.controller.KafkaController)
[2019-12-11 01:27:18,290] INFO [Controller id=0] Deleting isr change notifications (kafka.controller.KafkaController)
[2019-12-11 01:27:18,293] INFO [Controller id=0] Initializing controller context (kafka.controller.KafkaController)
[2019-12-11 01:27:18,332] INFO [Controller id=0] Initialized broker epochs cache: Map(0 -> 24) (kafka.controller.KafkaController)
[2019-12-11 01:27:18,335] DEBUG [Controller id=0] Register BrokerModifications handler for Set(0) (kafka.controller.KafkaController)
[2019-12-11 01:27:18,346] DEBUG [Channel manager on controller 0]: Controller 0 trying to connect to broker 0 (kafka.controller.ControllerChannelManager)
[2019-12-11 01:27:18,356] INFO [RequestSendThread controllerId=0] Starting (kafka.controller.RequestSendThread)
[2019-12-11 01:27:18,357] INFO [Controller id=0] Partitions being reassigned: Map() (kafka.controller.KafkaController)
[2019-12-11 01:27:18,358] INFO [Controller id=0] Currently active brokers in the cluster: Set(0) (kafka.controller.KafkaController)
[2019-12-11 01:27:18,358] INFO [Controller id=0] Currently shutting brokers in the cluster: Set() (kafka.controller.KafkaController)
[2019-12-11 01:27:18,359] INFO [Controller id=0] Current list of topics in the cluster: Set() (kafka.controller.KafkaController)
[2019-12-11 01:27:18,359] INFO [Controller id=0] Fetching topic deletions in progress (kafka.controller.KafkaController)
[2019-12-11 01:27:18,363] INFO [Controller id=0] List of topics to be deleted:  (kafka.controller.KafkaController)
[2019-12-11 01:27:18,364] INFO [Controller id=0] List of topics ineligible for deletion:  (kafka.controller.KafkaController)
[2019-12-11 01:27:18,365] INFO [Controller id=0] Initializing topic deletion manager (kafka.controller.KafkaController)
[2019-12-11 01:27:18,365] INFO [Topic Deletion Manager 0] Initializing manager with initial deletions: Set(), initial ineligible deletions: Set() (kafka.controller.TopicDeletionManager)
[2019-12-11 01:27:18,366] INFO [Controller id=0] Sending update metadata request (kafka.controller.KafkaController)
[2019-12-11 01:27:18,385] INFO [ReplicaStateMachine controllerId=0] Initializing replica state (kafka.controller.ZkReplicaStateMachine)
[2019-12-11 01:27:18,387] INFO [RequestSendThread controllerId=0] Controller 0 connected to 10.0.0.149:9092 (id: 0 rack: null) for sending state change requests (kafka.controller.RequestSendThread)
[2019-12-11 01:27:18,389] INFO [ReplicaStateMachine controllerId=0] Triggering online replica state changes (kafka.controller.ZkReplicaStateMachine)
[2019-12-11 01:27:18,404] INFO [ReplicaStateMachine controllerId=0] Triggering offline replica state changes (kafka.controller.ZkReplicaStateMachine)
[2019-12-11 01:27:18,405] DEBUG [ReplicaStateMachine controllerId=0] Started replica state machine with initial state -> Map() (kafka.controller.ZkReplicaStateMachine)
[2019-12-11 01:27:18,407] INFO [PartitionStateMachine controllerId=0] Initializing partition state (kafka.controller.ZkPartitionStateMachine)
[2019-12-11 01:27:18,423] INFO [PartitionStateMachine controllerId=0] Triggering online partition state changes (kafka.controller.ZkPartitionStateMachine)
[2019-12-11 01:27:18,427] DEBUG [PartitionStateMachine controllerId=0] Started partition state machine with initial state -> Map() (kafka.controller.ZkPartitionStateMachine)
[2019-12-11 01:27:18,427] INFO [Controller id=0] Ready to serve as the new controller with epoch 1 (kafka.controller.KafkaController)
[2019-12-11 01:27:18,439] INFO [Controller id=0] Removing partitions Set() from the list of reassigned partitions in zookeeper (kafka.controller.KafkaController)
[2019-12-11 01:27:18,439] INFO [Controller id=0] No more partitions need to be reassigned. Deleting zk path /admin/reassign_partitions (kafka.controller.KafkaController)
[2019-12-11 01:27:18,444] INFO [Controller id=0] Partitions undergoing preferred replica election:  (kafka.controller.KafkaController)
[2019-12-11 01:27:18,444] INFO [Controller id=0] Partitions that completed preferred replica election:  (kafka.controller.KafkaController)
[2019-12-11 01:27:18,445] INFO [Controller id=0] Skipping preferred replica election for partitions due to topic deletion:  (kafka.controller.KafkaController)
[2019-12-11 01:27:18,445] INFO [Controller id=0] Resuming preferred replica election for partitions:  (kafka.controller.KafkaController)
[2019-12-11 01:27:18,446] INFO [Controller id=0] Starting preferred replica leader election for partitions  (kafka.controller.KafkaController)
[2019-12-11 01:27:18,459] INFO [Controller id=0] Starting the controller scheduler (kafka.controller.KafkaController)
[2019-12-11 01:27:23,466] INFO [Controller id=0] Processing automatic preferred replica leader election (kafka.controller.KafkaController)
[2019-12-11 01:27:23,467] TRACE [Controller id=0] Checking need to trigger auto leader balancing (kafka.controller.KafkaController)
[2019-12-11 01:27:23,472] DEBUG [Controller id=0] Preferred replicas by broker Map() (kafka.controller.KafkaController)
[2019-12-11 01:28:17,988] INFO [Controller id=0] New topics: [Set(interactions)], deleted topics: [Set()], new partition replica assignment [Map(interactions-0 -> Vector(0))] (kafka.controller.KafkaController)
[2019-12-11 01:28:17,989] INFO [Controller id=0] New partition creation callback for interactions-0 (kafka.controller.KafkaController)
[2019-12-11 01:28:43,246] INFO [Controller id=0] New topics: [Set(changes)], deleted topics: [Set()], new partition replica assignment [Map(changes-0 -> Vector(0))] (kafka.controller.KafkaController)
[2019-12-11 01:28:43,246] INFO [Controller id=0] New partition creation callback for changes-0 (kafka.controller.KafkaController)
[2019-12-11 01:32:23,478] INFO [Controller id=0] Processing automatic preferred replica leader election (kafka.controller.KafkaController)
[2019-12-11 01:32:23,479] TRACE [Controller id=0] Checking need to trigger auto leader balancing (kafka.controller.KafkaController)
[2019-12-11 01:32:23,485] DEBUG [Controller id=0] Preferred replicas by broker Map(0 -> Map(changes-0 -> Vector(0), interactions-0 -> Vector(0))) (kafka.controller.KafkaController)
[2019-12-11 01:32:23,490] DEBUG [Controller id=0] Topics not in preferred replica for broker 0 Map() (kafka.controller.KafkaController)
[2019-12-11 01:32:23,492] TRACE [Controller id=0] Leader imbalance ratio for broker 0 is 0.0 (kafka.controller.KafkaController)
[2019-12-11 01:36:47,863] INFO [Controller id=0] Shutting down broker 0 (kafka.controller.KafkaController)
[2019-12-11 01:36:47,864] DEBUG [Controller id=0] All shutting down brokers: 0 (kafka.controller.KafkaController)
[2019-12-11 01:36:47,865] DEBUG [Controller id=0] Live brokers:  (kafka.controller.KafkaController)
[2019-12-11 01:36:47,876] TRACE [Controller id=0] All leaders = interactions-0 -> (Leader:0,ISR:0,LeaderEpoch:0,ControllerEpoch:1),changes-0 -> (Leader:0,ISR:0,LeaderEpoch:0,ControllerEpoch:1) (kafka.controller.KafkaController)
[2019-12-11 01:36:48,828] INFO [ControllerEventThread controllerId=0] Shutting down (kafka.controller.ControllerEventManager$ControllerEventThread)
[2019-12-11 01:36:48,830] INFO [ControllerEventThread controllerId=0] Stopped (kafka.controller.ControllerEventManager$ControllerEventThread)
[2019-12-11 01:36:48,830] INFO [ControllerEventThread controllerId=0] Shutdown completed (kafka.controller.ControllerEventManager$ControllerEventThread)
[2019-12-11 01:36:48,831] DEBUG [Controller id=0] Resigning (kafka.controller.KafkaController)
[2019-12-11 01:36:48,831] DEBUG [Controller id=0] Unregister BrokerModifications handler for Set(0) (kafka.controller.KafkaController)
[2019-12-11 01:36:48,833] INFO [PartitionStateMachine controllerId=0] Stopped partition state machine (kafka.controller.ZkPartitionStateMachine)
[2019-12-11 01:36:48,835] INFO [ReplicaStateMachine controllerId=0] Stopped replica state machine (kafka.controller.ZkReplicaStateMachine)
[2019-12-11 01:36:48,835] INFO [RequestSendThread controllerId=0] Shutting down (kafka.controller.RequestSendThread)
[2019-12-11 01:36:48,836] INFO [RequestSendThread controllerId=0] Stopped (kafka.controller.RequestSendThread)
[2019-12-11 01:36:48,836] INFO [RequestSendThread controllerId=0] Shutdown completed (kafka.controller.RequestSendThread)
[2019-12-11 01:36:48,837] INFO [Controller id=0] Resigned (kafka.controller.KafkaController)
