[2019-12-10 22:39:56,983] INFO Starting the log cleaner (kafka.log.LogCleaner)
[2019-12-10 22:39:57,092] INFO [kafka-log-cleaner-thread-0]: Starting (kafka.log.LogCleaner)
[2019-12-10 22:40:51,828] INFO Shutting down the log cleaner. (kafka.log.LogCleaner)
[2019-12-10 22:40:51,830] INFO [kafka-log-cleaner-thread-0]: Shutting down (kafka.log.LogCleaner)
[2019-12-10 22:40:51,838] INFO [kafka-log-cleaner-thread-0]: Stopped (kafka.log.LogCleaner)
[2019-12-10 22:40:51,852] INFO [kafka-log-cleaner-thread-0]: Shutdown completed (kafka.log.LogCleaner)
[2019-12-10 22:41:23,529] INFO Starting the log cleaner (kafka.log.LogCleaner)
[2019-12-10 22:41:23,623] INFO [kafka-log-cleaner-thread-0]: Starting (kafka.log.LogCleaner)
[2019-12-10 22:43:23,738] INFO Cleaner 0: Beginning cleaning of log __consumer_offsets-18. (kafka.log.LogCleaner)
[2019-12-10 22:43:23,738] INFO Cleaner 0: Building offset map for __consumer_offsets-18... (kafka.log.LogCleaner)
[2019-12-10 22:43:24,029] INFO Cleaner 0: Building offset map for log __consumer_offsets-18 for 1 segments in offset range [0, 27). (kafka.log.LogCleaner)
[2019-12-10 22:43:24,142] INFO Cleaner 0: Offset map for log __consumer_offsets-18 complete. (kafka.log.LogCleaner)
[2019-12-10 22:43:24,159] INFO Cleaner 0: Cleaning log __consumer_offsets-18 (cleaning prior to Sat Dec 07 12:03:03 EST 2019, discarding tombstones prior to Wed Dec 31 19:00:00 EST 1969)... (kafka.log.LogCleaner)
[2019-12-10 22:43:24,182] INFO Cleaner 0: Cleaning segment 0 in log __consumer_offsets-18 (largest timestamp Sat Dec 07 12:03:03 EST 2019) into 0, retaining deletes. (kafka.log.LogCleaner)
[2019-12-10 22:43:24,311] INFO Cleaner 0: Swapping in cleaned segment LogSegment(baseOffset=0, size=846) for segment(s) List(LogSegment(baseOffset=0, size=4842)) in log Log(/tmp/kafka-logs/__consumer_offsets-18) (kafka.log.LogCleaner)
[2019-12-10 22:43:24,322] INFO [kafka-log-cleaner-thread-0]: 
	Log cleaner thread 0 cleaned log __consumer_offsets-18 (dirty section = [0, 0])
	0.0 MB of log processed in 0.6 seconds (0.0 MB/sec).
	Indexed 0.0 MB in 0.4 seconds (0.0 Mb/sec, 69.7% of total time)
	Buffer utilization: 0.0%
	Cleaned 0.0 MB in 0.2 seconds (0.0 Mb/sec, 30.3% of total time)
	Start size: 0.0 MB (27 messages)
	End size: 0.0 MB (9 messages)
	82.5% size reduction (66.7% fewer messages)
 (kafka.log.LogCleaner)
[2019-12-10 22:47:58,302] INFO Shutting down the log cleaner. (kafka.log.LogCleaner)
[2019-12-10 22:47:58,303] INFO [kafka-log-cleaner-thread-0]: Shutting down (kafka.log.LogCleaner)
[2019-12-10 22:47:58,304] INFO [kafka-log-cleaner-thread-0]: Stopped (kafka.log.LogCleaner)
[2019-12-10 22:47:58,304] INFO [kafka-log-cleaner-thread-0]: Shutdown completed (kafka.log.LogCleaner)
