[2019-12-11 01:24:54,051] INFO Reading configuration from: setup/kafka_2.12-2.3.0/config/zookeeper.properties (org.apache.zookeeper.server.quorum.QuorumPeerConfig)
[2019-12-11 01:24:54,052] ERROR Invalid config, exiting abnormally (org.apache.zookeeper.server.quorum.QuorumPeerMain)
org.apache.zookeeper.server.quorum.QuorumPeerConfig$ConfigException: Error processing setup/kafka_2.12-2.3.0/config/zookeeper.properties
	at org.apache.zookeeper.server.quorum.QuorumPeerConfig.parse(QuorumPeerConfig.java:156)
	at org.apache.zookeeper.server.quorum.QuorumPeerMain.initializeAndRun(QuorumPeerMain.java:104)
	at org.apache.zookeeper.server.quorum.QuorumPeerMain.main(QuorumPeerMain.java:81)
Caused by: java.lang.IllegalArgumentException: setup/kafka_2.12-2.3.0/config/zookeeper.properties file is missing
	at org.apache.zookeeper.server.quorum.QuorumPeerConfig.parse(QuorumPeerConfig.java:140)
	... 2 more
[2019-12-11 01:25:44,784] INFO Reading configuration from: setup/kafka_2.12-2.3.0/config/zookeeper.properties (org.apache.zookeeper.server.quorum.QuorumPeerConfig)
[2019-12-11 01:25:44,787] INFO autopurge.snapRetainCount set to 3 (org.apache.zookeeper.server.DatadirCleanupManager)
[2019-12-11 01:25:44,787] INFO autopurge.purgeInterval set to 0 (org.apache.zookeeper.server.DatadirCleanupManager)
[2019-12-11 01:25:44,787] INFO Purge task is not scheduled. (org.apache.zookeeper.server.DatadirCleanupManager)
[2019-12-11 01:25:44,788] WARN Either no config or no quorum defined in config, running  in standalone mode (org.apache.zookeeper.server.quorum.QuorumPeerMain)
[2019-12-11 01:25:44,802] INFO Reading configuration from: setup/kafka_2.12-2.3.0/config/zookeeper.properties (org.apache.zookeeper.server.quorum.QuorumPeerConfig)
[2019-12-11 01:25:44,802] INFO Starting server (org.apache.zookeeper.server.ZooKeeperServerMain)
[2019-12-11 01:25:44,828] INFO Server environment:zookeeper.version=3.4.14-4c25d480e66aadd371de8bd2fd8da255ac140bcf, built on 03/06/2019 16:18 GMT (org.apache.zookeeper.server.ZooKeeperServer)
[2019-12-11 01:25:44,828] INFO Server environment:host.name=10.0.0.149 (org.apache.zookeeper.server.ZooKeeperServer)
[2019-12-11 01:25:44,828] INFO Server environment:java.version=1.8.0_221 (org.apache.zookeeper.server.ZooKeeperServer)
[2019-12-11 01:25:44,828] INFO Server environment:java.vendor=Oracle Corporation (org.apache.zookeeper.server.ZooKeeperServer)
[2019-12-11 01:25:44,828] INFO Server environment:java.home=/Library/Java/JavaVirtualMachines/jdk1.8.0_221.jdk/Contents/Home/jre (org.apache.zookeeper.server.ZooKeeperServer)
[2019-12-11 01:25:44,828] INFO Server environment:java.class.path=/Users/xueyingxu/Desktop/3001/deml-project-1/amnesia-kafka/setup/kafka_2.12-2.3.0/bin/../libs/activation-1.1.1.jar:/Users/xueyingxu/Desktop/3001/deml-project-1/amnesia-kafka/setup/kafka_2.12-2.3.0/bin/../libs/aopalliance-repackaged-2.5.0.jar:/Users/xueyingxu/Desktop/3001/deml-project-1/amnesia-kafka/setup/kafka_2.12-2.3.0/bin/../libs/argparse4j-0.7.0.jar:/Users/xueyingxu/Desktop/3001/deml-project-1/amnesia-kafka/setup/kafka_2.12-2.3.0/bin/../libs/audience-annotations-0.5.0.jar:/Users/xueyingxu/Desktop/3001/deml-project-1/amnesia-kafka/setup/kafka_2.12-2.3.0/bin/../libs/commons-lang3-3.8.1.jar:/Users/xueyingxu/Desktop/3001/deml-project-1/amnesia-kafka/setup/kafka_2.12-2.3.0/bin/../libs/connect-api-2.3.0.jar:/Users/xueyingxu/Desktop/3001/deml-project-1/amnesia-kafka/setup/kafka_2.12-2.3.0/bin/../libs/connect-basic-auth-extension-2.3.0.jar:/Users/xueyingxu/Desktop/3001/deml-project-1/amnesia-kafka/setup/kafka_2.12-2.3.0/bin/../libs/connect-file-2.3.0.jar:/Users/xueyingxu/Desktop/3001/deml-project-1/amnesia-kafka/setup/kafka_2.12-2.3.0/bin/../libs/connect-json-2.3.0.jar:/Users/xueyingxu/Desktop/3001/deml-project-1/amnesia-kafka/setup/kafka_2.12-2.3.0/bin/../libs/connect-runtime-2.3.0.jar:/Users/xueyingxu/Desktop/3001/deml-project-1/amnesia-kafka/setup/kafka_2.12-2.3.0/bin/../libs/connect-transforms-2.3.0.jar:/Users/xueyingxu/Desktop/3001/deml-project-1/amnesia-kafka/setup/kafka_2.12-2.3.0/bin/../libs/guava-20.0.jar:/Users/xueyingxu/Desktop/3001/deml-project-1/amnesia-kafka/setup/kafka_2.12-2.3.0/bin/../libs/hk2-api-2.5.0.jar:/Users/xueyingxu/Desktop/3001/deml-project-1/amnesia-kafka/setup/kafka_2.12-2.3.0/bin/../libs/hk2-locator-2.5.0.jar:/Users/xueyingxu/Desktop/3001/deml-project-1/amnesia-kafka/setup/kafka_2.12-2.3.0/bin/../libs/hk2-utils-2.5.0.jar:/Users/xueyingxu/Desktop/3001/deml-project-1/amnesia-kafka/setup/kafka_2.12-2.3.0/bin/../libs/jackson-annotations-2.9.9.jar:/Users/xueyingxu/Desktop/3001/deml-project-1/amnesia-kafka/setup/kafka_2.12-2.3.0/bin/../libs/jackson-core-2.9.9.jar:/Users/xueyingxu/Desktop/3001/deml-project-1/amnesia-kafka/setup/kafka_2.12-2.3.0/bin/../libs/jackson-databind-2.9.9.jar:/Users/xueyingxu/Desktop/3001/deml-project-1/amnesia-kafka/setup/kafka_2.12-2.3.0/bin/../libs/jackson-dataformat-csv-2.9.9.jar:/Users/xueyingxu/Desktop/3001/deml-project-1/amnesia-kafka/setup/kafka_2.12-2.3.0/bin/../libs/jackson-datatype-jdk8-2.9.9.jar:/Users/xueyingxu/Desktop/3001/deml-project-1/amnesia-kafka/setup/kafka_2.12-2.3.0/bin/../libs/jackson-jaxrs-base-2.9.9.jar:/Users/xueyingxu/Desktop/3001/deml-project-1/amnesia-kafka/setup/kafka_2.12-2.3.0/bin/../libs/jackson-jaxrs-json-provider-2.9.9.jar:/Users/xueyingxu/Desktop/3001/deml-project-1/amnesia-kafka/setup/kafka_2.12-2.3.0/bin/../libs/jackson-module-jaxb-annotations-2.9.9.jar:/Users/xueyingxu/Desktop/3001/deml-project-1/amnesia-kafka/setup/kafka_2.12-2.3.0/bin/../libs/jackson-module-paranamer-2.9.9.jar:/Users/xueyingxu/Desktop/3001/deml-project-1/amnesia-kafka/setup/kafka_2.12-2.3.0/bin/../libs/jackson-module-scala_2.12-2.9.9.jar:/Users/xueyingxu/Desktop/3001/deml-project-1/amnesia-kafka/setup/kafka_2.12-2.3.0/bin/../libs/jakarta.annotation-api-1.3.4.jar:/Users/xueyingxu/Desktop/3001/deml-project-1/amnesia-kafka/setup/kafka_2.12-2.3.0/bin/../libs/jakarta.inject-2.5.0.jar:/Users/xueyingxu/Desktop/3001/deml-project-1/amnesia-kafka/setup/kafka_2.12-2.3.0/bin/../libs/jakarta.ws.rs-api-2.1.5.jar:/Users/xueyingxu/Desktop/3001/deml-project-1/amnesia-kafka/setup/kafka_2.12-2.3.0/bin/../libs/javassist-3.22.0-CR2.jar:/Users/xueyingxu/Desktop/3001/deml-project-1/amnesia-kafka/setup/kafka_2.12-2.3.0/bin/../libs/javax.servlet-api-3.1.0.jar:/Users/xueyingxu/Desktop/3001/deml-project-1/amnesia-kafka/setup/kafka_2.12-2.3.0/bin/../libs/javax.ws.rs-api-2.1.1.jar:/Users/xueyingxu/Desktop/3001/deml-project-1/amnesia-kafka/setup/kafka_2.12-2.3.0/bin/../libs/jaxb-api-2.3.0.jar:/Users/xueyingxu/Desktop/3001/deml-project-1/amnesia-kafka/setup/kafka_2.12-2.3.0/bin/../libs/jersey-client-2.28.jar:/Users/xueyingxu/Desktop/3001/deml-project-1/amnesia-kafka/setup/kafka_2.12-2.3.0/bin/../libs/jersey-common-2.28.jar:/Users/xueyingxu/Desktop/3001/deml-project-1/amnesia-kafka/setup/kafka_2.12-2.3.0/bin/../libs/jersey-container-servlet-2.28.jar:/Users/xueyingxu/Desktop/3001/deml-project-1/amnesia-kafka/setup/kafka_2.12-2.3.0/bin/../libs/jersey-container-servlet-core-2.28.jar:/Users/xueyingxu/Desktop/3001/deml-project-1/amnesia-kafka/setup/kafka_2.12-2.3.0/bin/../libs/jersey-hk2-2.28.jar:/Users/xueyingxu/Desktop/3001/deml-project-1/amnesia-kafka/setup/kafka_2.12-2.3.0/bin/../libs/jersey-media-jaxb-2.28.jar:/Users/xueyingxu/Desktop/3001/deml-project-1/amnesia-kafka/setup/kafka_2.12-2.3.0/bin/../libs/jersey-server-2.28.jar:/Users/xueyingxu/Desktop/3001/deml-project-1/amnesia-kafka/setup/kafka_2.12-2.3.0/bin/../libs/jetty-client-9.4.18.v20190429.jar:/Users/xueyingxu/Desktop/3001/deml-project-1/amnesia-kafka/setup/kafka_2.12-2.3.0/bin/../libs/jetty-continuation-9.4.18.v20190429.jar:/Users/xueyingxu/Desktop/3001/deml-project-1/amnesia-kafka/setup/kafka_2.12-2.3.0/bin/../libs/jetty-http-9.4.18.v20190429.jar:/Users/xueyingxu/Desktop/3001/deml-project-1/amnesia-kafka/setup/kafka_2.12-2.3.0/bin/../libs/jetty-io-9.4.18.v20190429.jar:/Users/xueyingxu/Desktop/3001/deml-project-1/amnesia-kafka/setup/kafka_2.12-2.3.0/bin/../libs/jetty-security-9.4.18.v20190429.jar:/Users/xueyingxu/Desktop/3001/deml-project-1/amnesia-kafka/setup/kafka_2.12-2.3.0/bin/../libs/jetty-server-9.4.18.v20190429.jar:/Users/xueyingxu/Desktop/3001/deml-project-1/amnesia-kafka/setup/kafka_2.12-2.3.0/bin/../libs/jetty-servlet-9.4.18.v20190429.jar:/Users/xueyingxu/Desktop/3001/deml-project-1/amnesia-kafka/setup/kafka_2.12-2.3.0/bin/../libs/jetty-servlets-9.4.18.v20190429.jar:/Users/xueyingxu/Desktop/3001/deml-project-1/amnesia-kafka/setup/kafka_2.12-2.3.0/bin/../libs/jetty-util-9.4.18.v20190429.jar:/Users/xueyingxu/Desktop/3001/deml-project-1/amnesia-kafka/setup/kafka_2.12-2.3.0/bin/../libs/jopt-simple-5.0.4.jar:/Users/xueyingxu/Desktop/3001/deml-project-1/amnesia-kafka/setup/kafka_2.12-2.3.0/bin/../libs/jsr305-3.0.2.jar:/Users/xueyingxu/Desktop/3001/deml-project-1/amnesia-kafka/setup/kafka_2.12-2.3.0/bin/../libs/kafka-clients-2.3.0.jar:/Users/xueyingxu/Desktop/3001/deml-project-1/amnesia-kafka/setup/kafka_2.12-2.3.0/bin/../libs/kafka-log4j-appender-2.3.0.jar:/Users/xueyingxu/Desktop/3001/deml-project-1/amnesia-kafka/setup/kafka_2.12-2.3.0/bin/../libs/kafka-streams-2.3.0.jar:/Users/xueyingxu/Desktop/3001/deml-project-1/amnesia-kafka/setup/kafka_2.12-2.3.0/bin/../libs/kafka-streams-examples-2.3.0.jar:/Users/xueyingxu/Desktop/3001/deml-project-1/amnesia-kafka/setup/kafka_2.12-2.3.0/bin/../libs/kafka-streams-scala_2.12-2.3.0.jar:/Users/xueyingxu/Desktop/3001/deml-project-1/amnesia-kafka/setup/kafka_2.12-2.3.0/bin/../libs/kafka-streams-test-utils-2.3.0.jar:/Users/xueyingxu/Desktop/3001/deml-project-1/amnesia-kafka/setup/kafka_2.12-2.3.0/bin/../libs/kafka-tools-2.3.0.jar:/Users/xueyingxu/Desktop/3001/deml-project-1/amnesia-kafka/setup/kafka_2.12-2.3.0/bin/../libs/kafka_2.12-2.3.0-sources.jar:/Users/xueyingxu/Desktop/3001/deml-project-1/amnesia-kafka/setup/kafka_2.12-2.3.0/bin/../libs/kafka_2.12-2.3.0.jar:/Users/xueyingxu/Desktop/3001/deml-project-1/amnesia-kafka/setup/kafka_2.12-2.3.0/bin/../libs/log4j-1.2.17.jar:/Users/xueyingxu/Desktop/3001/deml-project-1/amnesia-kafka/setup/kafka_2.12-2.3.0/bin/../libs/lz4-java-1.6.0.jar:/Users/xueyingxu/Desktop/3001/deml-project-1/amnesia-kafka/setup/kafka_2.12-2.3.0/bin/../libs/maven-artifact-3.6.1.jar:/Users/xueyingxu/Desktop/3001/deml-project-1/amnesia-kafka/setup/kafka_2.12-2.3.0/bin/../libs/metrics-core-2.2.0.jar:/Users/xueyingxu/Desktop/3001/deml-project-1/amnesia-kafka/setup/kafka_2.12-2.3.0/bin/../libs/osgi-resource-locator-1.0.1.jar:/Users/xueyingxu/Desktop/3001/deml-project-1/amnesia-kafka/setup/kafka_2.12-2.3.0/bin/../libs/paranamer-2.8.jar:/Users/xueyingxu/Desktop/3001/deml-project-1/amnesia-kafka/setup/kafka_2.12-2.3.0/bin/../libs/plexus-utils-3.2.0.jar:/Users/xueyingxu/Desktop/3001/deml-project-1/amnesia-kafka/setup/kafka_2.12-2.3.0/bin/../libs/reflections-0.9.11.jar:/Users/xueyingxu/Desktop/3001/deml-project-1/amnesia-kafka/setup/kafka_2.12-2.3.0/bin/../libs/rocksdbjni-5.18.3.jar:/Users/xueyingxu/Desktop/3001/deml-project-1/amnesia-kafka/setup/kafka_2.12-2.3.0/bin/../libs/scala-library-2.12.8.jar:/Users/xueyingxu/Desktop/3001/deml-project-1/amnesia-kafka/setup/kafka_2.12-2.3.0/bin/../libs/scala-logging_2.12-3.9.0.jar:/Users/xueyingxu/Desktop/3001/deml-project-1/amnesia-kafka/setup/kafka_2.12-2.3.0/bin/../libs/scala-reflect-2.12.8.jar:/Users/xueyingxu/Desktop/3001/deml-project-1/amnesia-kafka/setup/kafka_2.12-2.3.0/bin/../libs/slf4j-api-1.7.26.jar:/Users/xueyingxu/Desktop/3001/deml-project-1/amnesia-kafka/setup/kafka_2.12-2.3.0/bin/../libs/slf4j-log4j12-1.7.26.jar:/Users/xueyingxu/Desktop/3001/deml-project-1/amnesia-kafka/setup/kafka_2.12-2.3.0/bin/../libs/snappy-java-1.1.7.3.jar:/Users/xueyingxu/Desktop/3001/deml-project-1/amnesia-kafka/setup/kafka_2.12-2.3.0/bin/../libs/spotbugs-annotations-3.1.9.jar:/Users/xueyingxu/Desktop/3001/deml-project-1/amnesia-kafka/setup/kafka_2.12-2.3.0/bin/../libs/validation-api-2.0.1.Final.jar:/Users/xueyingxu/Desktop/3001/deml-project-1/amnesia-kafka/setup/kafka_2.12-2.3.0/bin/../libs/zkclient-0.11.jar:/Users/xueyingxu/Desktop/3001/deml-project-1/amnesia-kafka/setup/kafka_2.12-2.3.0/bin/../libs/zookeeper-3.4.14.jar:/Users/xueyingxu/Desktop/3001/deml-project-1/amnesia-kafka/setup/kafka_2.12-2.3.0/bin/../libs/zstd-jni-1.4.0-1.jar (org.apache.zookeeper.server.ZooKeeperServer)
[2019-12-11 01:25:44,830] INFO Server environment:java.library.path=/Users/xueyingxu/Library/Java/Extensions:/Library/Java/Extensions:/Network/Library/Java/Extensions:/System/Library/Java/Extensions:/usr/lib/java:. (org.apache.zookeeper.server.ZooKeeperServer)
[2019-12-11 01:25:44,830] INFO Server environment:java.io.tmpdir=/var/folders/25/0klg0p810gqg4yy18hxz4mxm0000gn/T/ (org.apache.zookeeper.server.ZooKeeperServer)
[2019-12-11 01:25:44,830] INFO Server environment:java.compiler=<NA> (org.apache.zookeeper.server.ZooKeeperServer)
[2019-12-11 01:25:44,830] INFO Server environment:os.name=Mac OS X (org.apache.zookeeper.server.ZooKeeperServer)
[2019-12-11 01:25:44,830] INFO Server environment:os.arch=x86_64 (org.apache.zookeeper.server.ZooKeeperServer)
[2019-12-11 01:25:44,830] INFO Server environment:os.version=10.13.3 (org.apache.zookeeper.server.ZooKeeperServer)
[2019-12-11 01:25:44,830] INFO Server environment:user.name=xueyingxu (org.apache.zookeeper.server.ZooKeeperServer)
[2019-12-11 01:25:44,830] INFO Server environment:user.home=/Users/xueyingxu (org.apache.zookeeper.server.ZooKeeperServer)
[2019-12-11 01:25:44,830] INFO Server environment:user.dir=/Users/xueyingxu/Desktop/3001/deml-project-1/amnesia-kafka (org.apache.zookeeper.server.ZooKeeperServer)
[2019-12-11 01:25:44,841] INFO tickTime set to 3000 (org.apache.zookeeper.server.ZooKeeperServer)
[2019-12-11 01:25:44,842] INFO minSessionTimeout set to -1 (org.apache.zookeeper.server.ZooKeeperServer)
[2019-12-11 01:25:44,842] INFO maxSessionTimeout set to -1 (org.apache.zookeeper.server.ZooKeeperServer)
[2019-12-11 01:25:44,865] INFO Using org.apache.zookeeper.server.NIOServerCnxnFactory as server connection factory (org.apache.zookeeper.server.ServerCnxnFactory)
[2019-12-11 01:25:44,885] INFO binding to port 0.0.0.0/0.0.0.0:2181 (org.apache.zookeeper.server.NIOServerCnxnFactory)
[2019-12-11 01:27:16,439] INFO Registered kafka:type=kafka.Log4jController MBean (kafka.utils.Log4jControllerRegistration$)
[2019-12-11 01:27:17,064] INFO Registered signal handlers for TERM, INT, HUP (org.apache.kafka.common.utils.LoggingSignalHandler)
[2019-12-11 01:27:17,065] INFO starting (kafka.server.KafkaServer)
[2019-12-11 01:27:17,066] INFO Connecting to zookeeper on localhost:2181 (kafka.server.KafkaServer)
[2019-12-11 01:27:17,088] INFO [ZooKeeperClient Kafka server] Initializing a new session to localhost:2181. (kafka.zookeeper.ZooKeeperClient)
[2019-12-11 01:27:17,117] INFO Client environment:zookeeper.version=3.4.14-4c25d480e66aadd371de8bd2fd8da255ac140bcf, built on 03/06/2019 16:18 GMT (org.apache.zookeeper.ZooKeeper)
[2019-12-11 01:27:17,117] INFO Client environment:host.name=10.0.0.149 (org.apache.zookeeper.ZooKeeper)
[2019-12-11 01:27:17,117] INFO Client environment:java.version=1.8.0_221 (org.apache.zookeeper.ZooKeeper)
[2019-12-11 01:27:17,118] INFO Client environment:java.vendor=Oracle Corporation (org.apache.zookeeper.ZooKeeper)
[2019-12-11 01:27:17,118] INFO Client environment:java.home=/Library/Java/JavaVirtualMachines/jdk1.8.0_221.jdk/Contents/Home/jre (org.apache.zookeeper.ZooKeeper)
[2019-12-11 01:27:17,118] INFO Client environment:java.class.path=/Users/xueyingxu/Desktop/3001/deml-project-1/amnesia-kafka/setup/kafka_2.12-2.3.0/bin/../libs/activation-1.1.1.jar:/Users/xueyingxu/Desktop/3001/deml-project-1/amnesia-kafka/setup/kafka_2.12-2.3.0/bin/../libs/aopalliance-repackaged-2.5.0.jar:/Users/xueyingxu/Desktop/3001/deml-project-1/amnesia-kafka/setup/kafka_2.12-2.3.0/bin/../libs/argparse4j-0.7.0.jar:/Users/xueyingxu/Desktop/3001/deml-project-1/amnesia-kafka/setup/kafka_2.12-2.3.0/bin/../libs/audience-annotations-0.5.0.jar:/Users/xueyingxu/Desktop/3001/deml-project-1/amnesia-kafka/setup/kafka_2.12-2.3.0/bin/../libs/commons-lang3-3.8.1.jar:/Users/xueyingxu/Desktop/3001/deml-project-1/amnesia-kafka/setup/kafka_2.12-2.3.0/bin/../libs/connect-api-2.3.0.jar:/Users/xueyingxu/Desktop/3001/deml-project-1/amnesia-kafka/setup/kafka_2.12-2.3.0/bin/../libs/connect-basic-auth-extension-2.3.0.jar:/Users/xueyingxu/Desktop/3001/deml-project-1/amnesia-kafka/setup/kafka_2.12-2.3.0/bin/../libs/connect-file-2.3.0.jar:/Users/xueyingxu/Desktop/3001/deml-project-1/amnesia-kafka/setup/kafka_2.12-2.3.0/bin/../libs/connect-json-2.3.0.jar:/Users/xueyingxu/Desktop/3001/deml-project-1/amnesia-kafka/setup/kafka_2.12-2.3.0/bin/../libs/connect-runtime-2.3.0.jar:/Users/xueyingxu/Desktop/3001/deml-project-1/amnesia-kafka/setup/kafka_2.12-2.3.0/bin/../libs/connect-transforms-2.3.0.jar:/Users/xueyingxu/Desktop/3001/deml-project-1/amnesia-kafka/setup/kafka_2.12-2.3.0/bin/../libs/guava-20.0.jar:/Users/xueyingxu/Desktop/3001/deml-project-1/amnesia-kafka/setup/kafka_2.12-2.3.0/bin/../libs/hk2-api-2.5.0.jar:/Users/xueyingxu/Desktop/3001/deml-project-1/amnesia-kafka/setup/kafka_2.12-2.3.0/bin/../libs/hk2-locator-2.5.0.jar:/Users/xueyingxu/Desktop/3001/deml-project-1/amnesia-kafka/setup/kafka_2.12-2.3.0/bin/../libs/hk2-utils-2.5.0.jar:/Users/xueyingxu/Desktop/3001/deml-project-1/amnesia-kafka/setup/kafka_2.12-2.3.0/bin/../libs/jackson-annotations-2.9.9.jar:/Users/xueyingxu/Desktop/3001/deml-project-1/amnesia-kafka/setup/kafka_2.12-2.3.0/bin/../libs/jackson-core-2.9.9.jar:/Users/xueyingxu/Desktop/3001/deml-project-1/amnesia-kafka/setup/kafka_2.12-2.3.0/bin/../libs/jackson-databind-2.9.9.jar:/Users/xueyingxu/Desktop/3001/deml-project-1/amnesia-kafka/setup/kafka_2.12-2.3.0/bin/../libs/jackson-dataformat-csv-2.9.9.jar:/Users/xueyingxu/Desktop/3001/deml-project-1/amnesia-kafka/setup/kafka_2.12-2.3.0/bin/../libs/jackson-datatype-jdk8-2.9.9.jar:/Users/xueyingxu/Desktop/3001/deml-project-1/amnesia-kafka/setup/kafka_2.12-2.3.0/bin/../libs/jackson-jaxrs-base-2.9.9.jar:/Users/xueyingxu/Desktop/3001/deml-project-1/amnesia-kafka/setup/kafka_2.12-2.3.0/bin/../libs/jackson-jaxrs-json-provider-2.9.9.jar:/Users/xueyingxu/Desktop/3001/deml-project-1/amnesia-kafka/setup/kafka_2.12-2.3.0/bin/../libs/jackson-module-jaxb-annotations-2.9.9.jar:/Users/xueyingxu/Desktop/3001/deml-project-1/amnesia-kafka/setup/kafka_2.12-2.3.0/bin/../libs/jackson-module-paranamer-2.9.9.jar:/Users/xueyingxu/Desktop/3001/deml-project-1/amnesia-kafka/setup/kafka_2.12-2.3.0/bin/../libs/jackson-module-scala_2.12-2.9.9.jar:/Users/xueyingxu/Desktop/3001/deml-project-1/amnesia-kafka/setup/kafka_2.12-2.3.0/bin/../libs/jakarta.annotation-api-1.3.4.jar:/Users/xueyingxu/Desktop/3001/deml-project-1/amnesia-kafka/setup/kafka_2.12-2.3.0/bin/../libs/jakarta.inject-2.5.0.jar:/Users/xueyingxu/Desktop/3001/deml-project-1/amnesia-kafka/setup/kafka_2.12-2.3.0/bin/../libs/jakarta.ws.rs-api-2.1.5.jar:/Users/xueyingxu/Desktop/3001/deml-project-1/amnesia-kafka/setup/kafka_2.12-2.3.0/bin/../libs/javassist-3.22.0-CR2.jar:/Users/xueyingxu/Desktop/3001/deml-project-1/amnesia-kafka/setup/kafka_2.12-2.3.0/bin/../libs/javax.servlet-api-3.1.0.jar:/Users/xueyingxu/Desktop/3001/deml-project-1/amnesia-kafka/setup/kafka_2.12-2.3.0/bin/../libs/javax.ws.rs-api-2.1.1.jar:/Users/xueyingxu/Desktop/3001/deml-project-1/amnesia-kafka/setup/kafka_2.12-2.3.0/bin/../libs/jaxb-api-2.3.0.jar:/Users/xueyingxu/Desktop/3001/deml-project-1/amnesia-kafka/setup/kafka_2.12-2.3.0/bin/../libs/jersey-client-2.28.jar:/Users/xueyingxu/Desktop/3001/deml-project-1/amnesia-kafka/setup/kafka_2.12-2.3.0/bin/../libs/jersey-common-2.28.jar:/Users/xueyingxu/Desktop/3001/deml-project-1/amnesia-kafka/setup/kafka_2.12-2.3.0/bin/../libs/jersey-container-servlet-2.28.jar:/Users/xueyingxu/Desktop/3001/deml-project-1/amnesia-kafka/setup/kafka_2.12-2.3.0/bin/../libs/jersey-container-servlet-core-2.28.jar:/Users/xueyingxu/Desktop/3001/deml-project-1/amnesia-kafka/setup/kafka_2.12-2.3.0/bin/../libs/jersey-hk2-2.28.jar:/Users/xueyingxu/Desktop/3001/deml-project-1/amnesia-kafka/setup/kafka_2.12-2.3.0/bin/../libs/jersey-media-jaxb-2.28.jar:/Users/xueyingxu/Desktop/3001/deml-project-1/amnesia-kafka/setup/kafka_2.12-2.3.0/bin/../libs/jersey-server-2.28.jar:/Users/xueyingxu/Desktop/3001/deml-project-1/amnesia-kafka/setup/kafka_2.12-2.3.0/bin/../libs/jetty-client-9.4.18.v20190429.jar:/Users/xueyingxu/Desktop/3001/deml-project-1/amnesia-kafka/setup/kafka_2.12-2.3.0/bin/../libs/jetty-continuation-9.4.18.v20190429.jar:/Users/xueyingxu/Desktop/3001/deml-project-1/amnesia-kafka/setup/kafka_2.12-2.3.0/bin/../libs/jetty-http-9.4.18.v20190429.jar:/Users/xueyingxu/Desktop/3001/deml-project-1/amnesia-kafka/setup/kafka_2.12-2.3.0/bin/../libs/jetty-io-9.4.18.v20190429.jar:/Users/xueyingxu/Desktop/3001/deml-project-1/amnesia-kafka/setup/kafka_2.12-2.3.0/bin/../libs/jetty-security-9.4.18.v20190429.jar:/Users/xueyingxu/Desktop/3001/deml-project-1/amnesia-kafka/setup/kafka_2.12-2.3.0/bin/../libs/jetty-server-9.4.18.v20190429.jar:/Users/xueyingxu/Desktop/3001/deml-project-1/amnesia-kafka/setup/kafka_2.12-2.3.0/bin/../libs/jetty-servlet-9.4.18.v20190429.jar:/Users/xueyingxu/Desktop/3001/deml-project-1/amnesia-kafka/setup/kafka_2.12-2.3.0/bin/../libs/jetty-servlets-9.4.18.v20190429.jar:/Users/xueyingxu/Desktop/3001/deml-project-1/amnesia-kafka/setup/kafka_2.12-2.3.0/bin/../libs/jetty-util-9.4.18.v20190429.jar:/Users/xueyingxu/Desktop/3001/deml-project-1/amnesia-kafka/setup/kafka_2.12-2.3.0/bin/../libs/jopt-simple-5.0.4.jar:/Users/xueyingxu/Desktop/3001/deml-project-1/amnesia-kafka/setup/kafka_2.12-2.3.0/bin/../libs/jsr305-3.0.2.jar:/Users/xueyingxu/Desktop/3001/deml-project-1/amnesia-kafka/setup/kafka_2.12-2.3.0/bin/../libs/kafka-clients-2.3.0.jar:/Users/xueyingxu/Desktop/3001/deml-project-1/amnesia-kafka/setup/kafka_2.12-2.3.0/bin/../libs/kafka-log4j-appender-2.3.0.jar:/Users/xueyingxu/Desktop/3001/deml-project-1/amnesia-kafka/setup/kafka_2.12-2.3.0/bin/../libs/kafka-streams-2.3.0.jar:/Users/xueyingxu/Desktop/3001/deml-project-1/amnesia-kafka/setup/kafka_2.12-2.3.0/bin/../libs/kafka-streams-examples-2.3.0.jar:/Users/xueyingxu/Desktop/3001/deml-project-1/amnesia-kafka/setup/kafka_2.12-2.3.0/bin/../libs/kafka-streams-scala_2.12-2.3.0.jar:/Users/xueyingxu/Desktop/3001/deml-project-1/amnesia-kafka/setup/kafka_2.12-2.3.0/bin/../libs/kafka-streams-test-utils-2.3.0.jar:/Users/xueyingxu/Desktop/3001/deml-project-1/amnesia-kafka/setup/kafka_2.12-2.3.0/bin/../libs/kafka-tools-2.3.0.jar:/Users/xueyingxu/Desktop/3001/deml-project-1/amnesia-kafka/setup/kafka_2.12-2.3.0/bin/../libs/kafka_2.12-2.3.0-sources.jar:/Users/xueyingxu/Desktop/3001/deml-project-1/amnesia-kafka/setup/kafka_2.12-2.3.0/bin/../libs/kafka_2.12-2.3.0.jar:/Users/xueyingxu/Desktop/3001/deml-project-1/amnesia-kafka/setup/kafka_2.12-2.3.0/bin/../libs/log4j-1.2.17.jar:/Users/xueyingxu/Desktop/3001/deml-project-1/amnesia-kafka/setup/kafka_2.12-2.3.0/bin/../libs/lz4-java-1.6.0.jar:/Users/xueyingxu/Desktop/3001/deml-project-1/amnesia-kafka/setup/kafka_2.12-2.3.0/bin/../libs/maven-artifact-3.6.1.jar:/Users/xueyingxu/Desktop/3001/deml-project-1/amnesia-kafka/setup/kafka_2.12-2.3.0/bin/../libs/metrics-core-2.2.0.jar:/Users/xueyingxu/Desktop/3001/deml-project-1/amnesia-kafka/setup/kafka_2.12-2.3.0/bin/../libs/osgi-resource-locator-1.0.1.jar:/Users/xueyingxu/Desktop/3001/deml-project-1/amnesia-kafka/setup/kafka_2.12-2.3.0/bin/../libs/paranamer-2.8.jar:/Users/xueyingxu/Desktop/3001/deml-project-1/amnesia-kafka/setup/kafka_2.12-2.3.0/bin/../libs/plexus-utils-3.2.0.jar:/Users/xueyingxu/Desktop/3001/deml-project-1/amnesia-kafka/setup/kafka_2.12-2.3.0/bin/../libs/reflections-0.9.11.jar:/Users/xueyingxu/Desktop/3001/deml-project-1/amnesia-kafka/setup/kafka_2.12-2.3.0/bin/../libs/rocksdbjni-5.18.3.jar:/Users/xueyingxu/Desktop/3001/deml-project-1/amnesia-kafka/setup/kafka_2.12-2.3.0/bin/../libs/scala-library-2.12.8.jar:/Users/xueyingxu/Desktop/3001/deml-project-1/amnesia-kafka/setup/kafka_2.12-2.3.0/bin/../libs/scala-logging_2.12-3.9.0.jar:/Users/xueyingxu/Desktop/3001/deml-project-1/amnesia-kafka/setup/kafka_2.12-2.3.0/bin/../libs/scala-reflect-2.12.8.jar:/Users/xueyingxu/Desktop/3001/deml-project-1/amnesia-kafka/setup/kafka_2.12-2.3.0/bin/../libs/slf4j-api-1.7.26.jar:/Users/xueyingxu/Desktop/3001/deml-project-1/amnesia-kafka/setup/kafka_2.12-2.3.0/bin/../libs/slf4j-log4j12-1.7.26.jar:/Users/xueyingxu/Desktop/3001/deml-project-1/amnesia-kafka/setup/kafka_2.12-2.3.0/bin/../libs/snappy-java-1.1.7.3.jar:/Users/xueyingxu/Desktop/3001/deml-project-1/amnesia-kafka/setup/kafka_2.12-2.3.0/bin/../libs/spotbugs-annotations-3.1.9.jar:/Users/xueyingxu/Desktop/3001/deml-project-1/amnesia-kafka/setup/kafka_2.12-2.3.0/bin/../libs/validation-api-2.0.1.Final.jar:/Users/xueyingxu/Desktop/3001/deml-project-1/amnesia-kafka/setup/kafka_2.12-2.3.0/bin/../libs/zkclient-0.11.jar:/Users/xueyingxu/Desktop/3001/deml-project-1/amnesia-kafka/setup/kafka_2.12-2.3.0/bin/../libs/zookeeper-3.4.14.jar:/Users/xueyingxu/Desktop/3001/deml-project-1/amnesia-kafka/setup/kafka_2.12-2.3.0/bin/../libs/zstd-jni-1.4.0-1.jar (org.apache.zookeeper.ZooKeeper)
[2019-12-11 01:27:17,121] INFO Client environment:java.library.path=/Users/xueyingxu/Library/Java/Extensions:/Library/Java/Extensions:/Network/Library/Java/Extensions:/System/Library/Java/Extensions:/usr/lib/java:. (org.apache.zookeeper.ZooKeeper)
[2019-12-11 01:27:17,121] INFO Client environment:java.io.tmpdir=/var/folders/25/0klg0p810gqg4yy18hxz4mxm0000gn/T/ (org.apache.zookeeper.ZooKeeper)
[2019-12-11 01:27:17,122] INFO Client environment:java.compiler=<NA> (org.apache.zookeeper.ZooKeeper)
[2019-12-11 01:27:17,122] INFO Client environment:os.name=Mac OS X (org.apache.zookeeper.ZooKeeper)
[2019-12-11 01:27:17,122] INFO Client environment:os.arch=x86_64 (org.apache.zookeeper.ZooKeeper)
[2019-12-11 01:27:17,122] INFO Client environment:os.version=10.13.3 (org.apache.zookeeper.ZooKeeper)
[2019-12-11 01:27:17,122] INFO Client environment:user.name=xueyingxu (org.apache.zookeeper.ZooKeeper)
[2019-12-11 01:27:17,123] INFO Client environment:user.home=/Users/xueyingxu (org.apache.zookeeper.ZooKeeper)
[2019-12-11 01:27:17,123] INFO Client environment:user.dir=/Users/xueyingxu/Desktop/3001/deml-project-1/amnesia-kafka (org.apache.zookeeper.ZooKeeper)
[2019-12-11 01:27:17,127] INFO Initiating client connection, connectString=localhost:2181 sessionTimeout=6000 watcher=kafka.zookeeper.ZooKeeperClient$ZooKeeperClientWatcher$@57c758ac (org.apache.zookeeper.ZooKeeper)
[2019-12-11 01:27:17,153] INFO [ZooKeeperClient Kafka server] Waiting until connected. (kafka.zookeeper.ZooKeeperClient)
[2019-12-11 01:27:17,154] INFO Opening socket connection to server localhost/0:0:0:0:0:0:0:1:2181. Will not attempt to authenticate using SASL (unknown error) (org.apache.zookeeper.ClientCnxn)
[2019-12-11 01:27:17,176] INFO Socket connection established to localhost/0:0:0:0:0:0:0:1:2181, initiating session (org.apache.zookeeper.ClientCnxn)
[2019-12-11 01:27:17,176] INFO Accepted socket connection from /0:0:0:0:0:0:0:1:50676 (org.apache.zookeeper.server.NIOServerCnxnFactory)
[2019-12-11 01:27:17,184] INFO Client attempting to establish new session at /0:0:0:0:0:0:0:1:50676 (org.apache.zookeeper.server.ZooKeeperServer)
[2019-12-11 01:27:17,187] INFO Creating new log file: log.1 (org.apache.zookeeper.server.persistence.FileTxnLog)
[2019-12-11 01:27:17,201] INFO Established session 0x10000e4d90a0000 with negotiated timeout 6000 for client /0:0:0:0:0:0:0:1:50676 (org.apache.zookeeper.server.ZooKeeperServer)
[2019-12-11 01:27:17,204] INFO Session establishment complete on server localhost/0:0:0:0:0:0:0:1:2181, sessionid = 0x10000e4d90a0000, negotiated timeout = 6000 (org.apache.zookeeper.ClientCnxn)
[2019-12-11 01:27:17,211] INFO [ZooKeeperClient Kafka server] Connected. (kafka.zookeeper.ZooKeeperClient)
[2019-12-11 01:27:17,310] INFO Got user-level KeeperException when processing sessionid:0x10000e4d90a0000 type:create cxid:0x2 zxid:0x3 txntype:-1 reqpath:n/a Error Path:/brokers Error:KeeperErrorCode = NoNode for /brokers (org.apache.zookeeper.server.PrepRequestProcessor)
[2019-12-11 01:27:17,316] INFO Got user-level KeeperException when processing sessionid:0x10000e4d90a0000 type:create cxid:0x6 zxid:0x7 txntype:-1 reqpath:n/a Error Path:/config Error:KeeperErrorCode = NoNode for /config (org.apache.zookeeper.server.PrepRequestProcessor)
[2019-12-11 01:27:17,322] INFO Got user-level KeeperException when processing sessionid:0x10000e4d90a0000 type:create cxid:0x9 zxid:0xa txntype:-1 reqpath:n/a Error Path:/admin Error:KeeperErrorCode = NoNode for /admin (org.apache.zookeeper.server.PrepRequestProcessor)
[2019-12-11 01:27:17,518] INFO Got user-level KeeperException when processing sessionid:0x10000e4d90a0000 type:create cxid:0x15 zxid:0x15 txntype:-1 reqpath:n/a Error Path:/cluster Error:KeeperErrorCode = NoNode for /cluster (org.apache.zookeeper.server.PrepRequestProcessor)
[2019-12-11 01:27:17,535] INFO Cluster ID = qv4LhcEXRxmjJlamqcv5Iw (kafka.server.KafkaServer)
[2019-12-11 01:27:17,540] WARN No meta.properties file under dir /tmp/kafka-logs/meta.properties (kafka.server.BrokerMetadataCheckpoint)
[2019-12-11 01:27:17,602] INFO KafkaConfig values: 
	advertised.host.name = null
	advertised.listeners = null
	advertised.port = null
	alter.config.policy.class.name = null
	alter.log.dirs.replication.quota.window.num = 11
	alter.log.dirs.replication.quota.window.size.seconds = 1
	authorizer.class.name = 
	auto.create.topics.enable = true
	auto.leader.rebalance.enable = true
	background.threads = 10
	broker.id = 0
	broker.id.generation.enable = true
	broker.rack = null
	client.quota.callback.class = null
	compression.type = producer
	connection.failed.authentication.delay.ms = 100
	connections.max.idle.ms = 600000
	connections.max.reauth.ms = 0
	control.plane.listener.name = null
	controlled.shutdown.enable = true
	controlled.shutdown.max.retries = 3
	controlled.shutdown.retry.backoff.ms = 5000
	controller.socket.timeout.ms = 30000
	create.topic.policy.class.name = null
	default.replication.factor = 1
	delegation.token.expiry.check.interval.ms = 3600000
	delegation.token.expiry.time.ms = 86400000
	delegation.token.master.key = null
	delegation.token.max.lifetime.ms = 604800000
	delete.records.purgatory.purge.interval.requests = 1
	delete.topic.enable = true
	fetch.purgatory.purge.interval.requests = 1000
	group.initial.rebalance.delay.ms = 0
	group.max.session.timeout.ms = 1800000
	group.max.size = 2147483647
	group.min.session.timeout.ms = 6000
	host.name = 
	inter.broker.listener.name = null
	inter.broker.protocol.version = 2.3-IV1
	kafka.metrics.polling.interval.secs = 10
	kafka.metrics.reporters = []
	leader.imbalance.check.interval.seconds = 300
	leader.imbalance.per.broker.percentage = 10
	listener.security.protocol.map = PLAINTEXT:PLAINTEXT,SSL:SSL,SASL_PLAINTEXT:SASL_PLAINTEXT,SASL_SSL:SASL_SSL
	listeners = null
	log.cleaner.backoff.ms = 15000
	log.cleaner.dedupe.buffer.size = 134217728
	log.cleaner.delete.retention.ms = 86400000
	log.cleaner.enable = true
	log.cleaner.io.buffer.load.factor = 0.9
	log.cleaner.io.buffer.size = 524288
	log.cleaner.io.max.bytes.per.second = 1.7976931348623157E308
	log.cleaner.max.compaction.lag.ms = 9223372036854775807
	log.cleaner.min.cleanable.ratio = 0.5
	log.cleaner.min.compaction.lag.ms = 0
	log.cleaner.threads = 1
	log.cleanup.policy = [delete]
	log.dir = /tmp/kafka-logs
	log.dirs = /tmp/kafka-logs
	log.flush.interval.messages = 9223372036854775807
	log.flush.interval.ms = null
	log.flush.offset.checkpoint.interval.ms = 60000
	log.flush.scheduler.interval.ms = 9223372036854775807
	log.flush.start.offset.checkpoint.interval.ms = 60000
	log.index.interval.bytes = 4096
	log.index.size.max.bytes = 10485760
	log.message.downconversion.enable = true
	log.message.format.version = 2.3-IV1
	log.message.timestamp.difference.max.ms = 9223372036854775807
	log.message.timestamp.type = CreateTime
	log.preallocate = false
	log.retention.bytes = -1
	log.retention.check.interval.ms = 300000
	log.retention.hours = 168
	log.retention.minutes = null
	log.retention.ms = null
	log.roll.hours = 168
	log.roll.jitter.hours = 0
	log.roll.jitter.ms = null
	log.roll.ms = null
	log.segment.bytes = 1073741824
	log.segment.delete.delay.ms = 60000
	max.connections = 2147483647
	max.connections.per.ip = 2147483647
	max.connections.per.ip.overrides = 
	max.incremental.fetch.session.cache.slots = 1000
	message.max.bytes = 1000012
	metric.reporters = []
	metrics.num.samples = 2
	metrics.recording.level = INFO
	metrics.sample.window.ms = 30000
	min.insync.replicas = 1
	num.io.threads = 8
	num.network.threads = 3
	num.partitions = 1
	num.recovery.threads.per.data.dir = 1
	num.replica.alter.log.dirs.threads = null
	num.replica.fetchers = 1
	offset.metadata.max.bytes = 4096
	offsets.commit.required.acks = -1
	offsets.commit.timeout.ms = 5000
	offsets.load.buffer.size = 5242880
	offsets.retention.check.interval.ms = 600000
	offsets.retention.minutes = 10080
	offsets.topic.compression.codec = 0
	offsets.topic.num.partitions = 50
	offsets.topic.replication.factor = 1
	offsets.topic.segment.bytes = 104857600
	password.encoder.cipher.algorithm = AES/CBC/PKCS5Padding
	password.encoder.iterations = 4096
	password.encoder.key.length = 128
	password.encoder.keyfactory.algorithm = null
	password.encoder.old.secret = null
	password.encoder.secret = null
	port = 9092
	principal.builder.class = null
	producer.purgatory.purge.interval.requests = 1000
	queued.max.request.bytes = -1
	queued.max.requests = 500
	quota.consumer.default = 9223372036854775807
	quota.producer.default = 9223372036854775807
	quota.window.num = 11
	quota.window.size.seconds = 1
	replica.fetch.backoff.ms = 1000
	replica.fetch.max.bytes = 1048576
	replica.fetch.min.bytes = 1
	replica.fetch.response.max.bytes = 10485760
	replica.fetch.wait.max.ms = 500
	replica.high.watermark.checkpoint.interval.ms = 5000
	replica.lag.time.max.ms = 10000
	replica.socket.receive.buffer.bytes = 65536
	replica.socket.timeout.ms = 30000
	replication.quota.window.num = 11
	replication.quota.window.size.seconds = 1
	request.timeout.ms = 30000
	reserved.broker.max.id = 1000
	sasl.client.callback.handler.class = null
	sasl.enabled.mechanisms = [GSSAPI]
	sasl.jaas.config = null
	sasl.kerberos.kinit.cmd = /usr/bin/kinit
	sasl.kerberos.min.time.before.relogin = 60000
	sasl.kerberos.principal.to.local.rules = [DEFAULT]
	sasl.kerberos.service.name = null
	sasl.kerberos.ticket.renew.jitter = 0.05
	sasl.kerberos.ticket.renew.window.factor = 0.8
	sasl.login.callback.handler.class = null
	sasl.login.class = null
	sasl.login.refresh.buffer.seconds = 300
	sasl.login.refresh.min.period.seconds = 60
	sasl.login.refresh.window.factor = 0.8
	sasl.login.refresh.window.jitter = 0.05
	sasl.mechanism.inter.broker.protocol = GSSAPI
	sasl.server.callback.handler.class = null
	security.inter.broker.protocol = PLAINTEXT
	socket.receive.buffer.bytes = 102400
	socket.request.max.bytes = 104857600
	socket.send.buffer.bytes = 102400
	ssl.cipher.suites = []
	ssl.client.auth = none
	ssl.enabled.protocols = [TLSv1.2, TLSv1.1, TLSv1]
	ssl.endpoint.identification.algorithm = https
	ssl.key.password = null
	ssl.keymanager.algorithm = SunX509
	ssl.keystore.location = null
	ssl.keystore.password = null
	ssl.keystore.type = JKS
	ssl.principal.mapping.rules = [DEFAULT]
	ssl.protocol = TLS
	ssl.provider = null
	ssl.secure.random.implementation = null
	ssl.trustmanager.algorithm = PKIX
	ssl.truststore.location = null
	ssl.truststore.password = null
	ssl.truststore.type = JKS
	transaction.abort.timed.out.transaction.cleanup.interval.ms = 60000
	transaction.max.timeout.ms = 900000
	transaction.remove.expired.transaction.cleanup.interval.ms = 3600000
	transaction.state.log.load.buffer.size = 5242880
	transaction.state.log.min.isr = 1
	transaction.state.log.num.partitions = 50
	transaction.state.log.replication.factor = 1
	transaction.state.log.segment.bytes = 104857600
	transactional.id.expiration.ms = 604800000
	unclean.leader.election.enable = false
	zookeeper.connect = localhost:2181
	zookeeper.connection.timeout.ms = 6000
	zookeeper.max.in.flight.requests = 10
	zookeeper.session.timeout.ms = 6000
	zookeeper.set.acl = false
	zookeeper.sync.time.ms = 2000
 (kafka.server.KafkaConfig)
[2019-12-11 01:27:17,614] INFO KafkaConfig values: 
	advertised.host.name = null
	advertised.listeners = null
	advertised.port = null
	alter.config.policy.class.name = null
	alter.log.dirs.replication.quota.window.num = 11
	alter.log.dirs.replication.quota.window.size.seconds = 1
	authorizer.class.name = 
	auto.create.topics.enable = true
	auto.leader.rebalance.enable = true
	background.threads = 10
	broker.id = 0
	broker.id.generation.enable = true
	broker.rack = null
	client.quota.callback.class = null
	compression.type = producer
	connection.failed.authentication.delay.ms = 100
	connections.max.idle.ms = 600000
	connections.max.reauth.ms = 0
	control.plane.listener.name = null
	controlled.shutdown.enable = true
	controlled.shutdown.max.retries = 3
	controlled.shutdown.retry.backoff.ms = 5000
	controller.socket.timeout.ms = 30000
	create.topic.policy.class.name = null
	default.replication.factor = 1
	delegation.token.expiry.check.interval.ms = 3600000
	delegation.token.expiry.time.ms = 86400000
	delegation.token.master.key = null
	delegation.token.max.lifetime.ms = 604800000
	delete.records.purgatory.purge.interval.requests = 1
	delete.topic.enable = true
	fetch.purgatory.purge.interval.requests = 1000
	group.initial.rebalance.delay.ms = 0
	group.max.session.timeout.ms = 1800000
	group.max.size = 2147483647
	group.min.session.timeout.ms = 6000
	host.name = 
	inter.broker.listener.name = null
	inter.broker.protocol.version = 2.3-IV1
	kafka.metrics.polling.interval.secs = 10
	kafka.metrics.reporters = []
	leader.imbalance.check.interval.seconds = 300
	leader.imbalance.per.broker.percentage = 10
	listener.security.protocol.map = PLAINTEXT:PLAINTEXT,SSL:SSL,SASL_PLAINTEXT:SASL_PLAINTEXT,SASL_SSL:SASL_SSL
	listeners = null
	log.cleaner.backoff.ms = 15000
	log.cleaner.dedupe.buffer.size = 134217728
	log.cleaner.delete.retention.ms = 86400000
	log.cleaner.enable = true
	log.cleaner.io.buffer.load.factor = 0.9
	log.cleaner.io.buffer.size = 524288
	log.cleaner.io.max.bytes.per.second = 1.7976931348623157E308
	log.cleaner.max.compaction.lag.ms = 9223372036854775807
	log.cleaner.min.cleanable.ratio = 0.5
	log.cleaner.min.compaction.lag.ms = 0
	log.cleaner.threads = 1
	log.cleanup.policy = [delete]
	log.dir = /tmp/kafka-logs
	log.dirs = /tmp/kafka-logs
	log.flush.interval.messages = 9223372036854775807
	log.flush.interval.ms = null
	log.flush.offset.checkpoint.interval.ms = 60000
	log.flush.scheduler.interval.ms = 9223372036854775807
	log.flush.start.offset.checkpoint.interval.ms = 60000
	log.index.interval.bytes = 4096
	log.index.size.max.bytes = 10485760
	log.message.downconversion.enable = true
	log.message.format.version = 2.3-IV1
	log.message.timestamp.difference.max.ms = 9223372036854775807
	log.message.timestamp.type = CreateTime
	log.preallocate = false
	log.retention.bytes = -1
	log.retention.check.interval.ms = 300000
	log.retention.hours = 168
	log.retention.minutes = null
	log.retention.ms = null
	log.roll.hours = 168
	log.roll.jitter.hours = 0
	log.roll.jitter.ms = null
	log.roll.ms = null
	log.segment.bytes = 1073741824
	log.segment.delete.delay.ms = 60000
	max.connections = 2147483647
	max.connections.per.ip = 2147483647
	max.connections.per.ip.overrides = 
	max.incremental.fetch.session.cache.slots = 1000
	message.max.bytes = 1000012
	metric.reporters = []
	metrics.num.samples = 2
	metrics.recording.level = INFO
	metrics.sample.window.ms = 30000
	min.insync.replicas = 1
	num.io.threads = 8
	num.network.threads = 3
	num.partitions = 1
	num.recovery.threads.per.data.dir = 1
	num.replica.alter.log.dirs.threads = null
	num.replica.fetchers = 1
	offset.metadata.max.bytes = 4096
	offsets.commit.required.acks = -1
	offsets.commit.timeout.ms = 5000
	offsets.load.buffer.size = 5242880
	offsets.retention.check.interval.ms = 600000
	offsets.retention.minutes = 10080
	offsets.topic.compression.codec = 0
	offsets.topic.num.partitions = 50
	offsets.topic.replication.factor = 1
	offsets.topic.segment.bytes = 104857600
	password.encoder.cipher.algorithm = AES/CBC/PKCS5Padding
	password.encoder.iterations = 4096
	password.encoder.key.length = 128
	password.encoder.keyfactory.algorithm = null
	password.encoder.old.secret = null
	password.encoder.secret = null
	port = 9092
	principal.builder.class = null
	producer.purgatory.purge.interval.requests = 1000
	queued.max.request.bytes = -1
	queued.max.requests = 500
	quota.consumer.default = 9223372036854775807
	quota.producer.default = 9223372036854775807
	quota.window.num = 11
	quota.window.size.seconds = 1
	replica.fetch.backoff.ms = 1000
	replica.fetch.max.bytes = 1048576
	replica.fetch.min.bytes = 1
	replica.fetch.response.max.bytes = 10485760
	replica.fetch.wait.max.ms = 500
	replica.high.watermark.checkpoint.interval.ms = 5000
	replica.lag.time.max.ms = 10000
	replica.socket.receive.buffer.bytes = 65536
	replica.socket.timeout.ms = 30000
	replication.quota.window.num = 11
	replication.quota.window.size.seconds = 1
	request.timeout.ms = 30000
	reserved.broker.max.id = 1000
	sasl.client.callback.handler.class = null
	sasl.enabled.mechanisms = [GSSAPI]
	sasl.jaas.config = null
	sasl.kerberos.kinit.cmd = /usr/bin/kinit
	sasl.kerberos.min.time.before.relogin = 60000
	sasl.kerberos.principal.to.local.rules = [DEFAULT]
	sasl.kerberos.service.name = null
	sasl.kerberos.ticket.renew.jitter = 0.05
	sasl.kerberos.ticket.renew.window.factor = 0.8
	sasl.login.callback.handler.class = null
	sasl.login.class = null
	sasl.login.refresh.buffer.seconds = 300
	sasl.login.refresh.min.period.seconds = 60
	sasl.login.refresh.window.factor = 0.8
	sasl.login.refresh.window.jitter = 0.05
	sasl.mechanism.inter.broker.protocol = GSSAPI
	sasl.server.callback.handler.class = null
	security.inter.broker.protocol = PLAINTEXT
	socket.receive.buffer.bytes = 102400
	socket.request.max.bytes = 104857600
	socket.send.buffer.bytes = 102400
	ssl.cipher.suites = []
	ssl.client.auth = none
	ssl.enabled.protocols = [TLSv1.2, TLSv1.1, TLSv1]
	ssl.endpoint.identification.algorithm = https
	ssl.key.password = null
	ssl.keymanager.algorithm = SunX509
	ssl.keystore.location = null
	ssl.keystore.password = null
	ssl.keystore.type = JKS
	ssl.principal.mapping.rules = [DEFAULT]
	ssl.protocol = TLS
	ssl.provider = null
	ssl.secure.random.implementation = null
	ssl.trustmanager.algorithm = PKIX
	ssl.truststore.location = null
	ssl.truststore.password = null
	ssl.truststore.type = JKS
	transaction.abort.timed.out.transaction.cleanup.interval.ms = 60000
	transaction.max.timeout.ms = 900000
	transaction.remove.expired.transaction.cleanup.interval.ms = 3600000
	transaction.state.log.load.buffer.size = 5242880
	transaction.state.log.min.isr = 1
	transaction.state.log.num.partitions = 50
	transaction.state.log.replication.factor = 1
	transaction.state.log.segment.bytes = 104857600
	transactional.id.expiration.ms = 604800000
	unclean.leader.election.enable = false
	zookeeper.connect = localhost:2181
	zookeeper.connection.timeout.ms = 6000
	zookeeper.max.in.flight.requests = 10
	zookeeper.session.timeout.ms = 6000
	zookeeper.set.acl = false
	zookeeper.sync.time.ms = 2000
 (kafka.server.KafkaConfig)
[2019-12-11 01:27:17,642] INFO [ThrottledChannelReaper-Fetch]: Starting (kafka.server.ClientQuotaManager$ThrottledChannelReaper)
[2019-12-11 01:27:17,642] INFO [ThrottledChannelReaper-Produce]: Starting (kafka.server.ClientQuotaManager$ThrottledChannelReaper)
[2019-12-11 01:27:17,643] INFO [ThrottledChannelReaper-Request]: Starting (kafka.server.ClientQuotaManager$ThrottledChannelReaper)
[2019-12-11 01:27:17,671] INFO Log directory /tmp/kafka-logs not found, creating it. (kafka.log.LogManager)
[2019-12-11 01:27:17,681] INFO Loading logs. (kafka.log.LogManager)
[2019-12-11 01:27:17,689] INFO Logs loading complete in 8 ms. (kafka.log.LogManager)
[2019-12-11 01:27:17,704] INFO Starting log cleanup with a period of 300000 ms. (kafka.log.LogManager)
[2019-12-11 01:27:17,709] INFO Starting log flusher with a default period of 9223372036854775807 ms. (kafka.log.LogManager)
[2019-12-11 01:27:18,064] INFO Awaiting socket connections on 0.0.0.0:9092. (kafka.network.Acceptor)
[2019-12-11 01:27:18,100] INFO [SocketServer brokerId=0] Created data-plane acceptor and processors for endpoint : EndPoint(null,9092,ListenerName(PLAINTEXT),PLAINTEXT) (kafka.network.SocketServer)
[2019-12-11 01:27:18,101] INFO [SocketServer brokerId=0] Started 1 acceptor threads for data-plane (kafka.network.SocketServer)
[2019-12-11 01:27:18,136] INFO [ExpirationReaper-0-Produce]: Starting (kafka.server.DelayedOperationPurgatory$ExpiredOperationReaper)
[2019-12-11 01:27:18,137] INFO [ExpirationReaper-0-Fetch]: Starting (kafka.server.DelayedOperationPurgatory$ExpiredOperationReaper)
[2019-12-11 01:27:18,138] INFO [ExpirationReaper-0-DeleteRecords]: Starting (kafka.server.DelayedOperationPurgatory$ExpiredOperationReaper)
[2019-12-11 01:27:18,138] INFO [ExpirationReaper-0-ElectPreferredLeader]: Starting (kafka.server.DelayedOperationPurgatory$ExpiredOperationReaper)
[2019-12-11 01:27:18,153] INFO [LogDirFailureHandler]: Starting (kafka.server.ReplicaManager$LogDirFailureHandler)
[2019-12-11 01:27:18,189] INFO Creating /brokers/ids/0 (is it secure? false) (kafka.zk.KafkaZkClient)
[2019-12-11 01:27:18,207] INFO Stat of the created znode at /brokers/ids/0 is: 24,24,1576045638202,1576045638202,1,0,0,72058576931782656,190,0,24
 (kafka.zk.KafkaZkClient)
[2019-12-11 01:27:18,208] INFO Registered broker 0 at path /brokers/ids/0 with addresses: ArrayBuffer(EndPoint(10.0.0.149,9092,ListenerName(PLAINTEXT),PLAINTEXT)), czxid (broker epoch): 24 (kafka.zk.KafkaZkClient)
[2019-12-11 01:27:18,209] WARN No meta.properties file under dir /tmp/kafka-logs/meta.properties (kafka.server.BrokerMetadataCheckpoint)
[2019-12-11 01:27:18,263] INFO [ExpirationReaper-0-topic]: Starting (kafka.server.DelayedOperationPurgatory$ExpiredOperationReaper)
[2019-12-11 01:27:18,265] INFO [ExpirationReaper-0-Heartbeat]: Starting (kafka.server.DelayedOperationPurgatory$ExpiredOperationReaper)
[2019-12-11 01:27:18,266] INFO [ExpirationReaper-0-Rebalance]: Starting (kafka.server.DelayedOperationPurgatory$ExpiredOperationReaper)
[2019-12-11 01:27:18,274] INFO Successfully created /controller_epoch with initial epoch 0 (kafka.zk.KafkaZkClient)
[2019-12-11 01:27:18,291] INFO [GroupCoordinator 0]: Starting up. (kafka.coordinator.group.GroupCoordinator)
[2019-12-11 01:27:18,292] INFO [GroupCoordinator 0]: Startup complete. (kafka.coordinator.group.GroupCoordinator)
[2019-12-11 01:27:18,297] INFO [GroupMetadataManager brokerId=0] Removed 0 expired offsets in 5 milliseconds. (kafka.coordinator.group.GroupMetadataManager)
[2019-12-11 01:27:18,308] INFO [ProducerId Manager 0]: Acquired new producerId block (brokerId:0,blockStartProducerId:0,blockEndProducerId:999) by writing to Zk with path version 1 (kafka.coordinator.transaction.ProducerIdManager)
[2019-12-11 01:27:18,334] INFO [TransactionCoordinator id=0] Starting up. (kafka.coordinator.transaction.TransactionCoordinator)
[2019-12-11 01:27:18,336] INFO [Transaction Marker Channel Manager 0]: Starting (kafka.coordinator.transaction.TransactionMarkerChannelManager)
[2019-12-11 01:27:18,336] INFO [TransactionCoordinator id=0] Startup complete. (kafka.coordinator.transaction.TransactionCoordinator)
[2019-12-11 01:27:18,388] INFO [/config/changes-event-process-thread]: Starting (kafka.common.ZkNodeChangeNotificationListener$ChangeEventProcessThread)
[2019-12-11 01:27:18,402] INFO [SocketServer brokerId=0] Started data-plane processors for 1 acceptors (kafka.network.SocketServer)
[2019-12-11 01:27:18,415] INFO Kafka version: 2.3.0 (org.apache.kafka.common.utils.AppInfoParser)
[2019-12-11 01:27:18,415] INFO Kafka commitId: fc1aaa116b661c8a (org.apache.kafka.common.utils.AppInfoParser)
[2019-12-11 01:27:18,415] INFO Kafka startTimeMs: 1576045638404 (org.apache.kafka.common.utils.AppInfoParser)
[2019-12-11 01:27:18,416] INFO [KafkaServer id=0] started (kafka.server.KafkaServer)
[2019-12-11 01:27:18,453] INFO Got user-level KeeperException when processing sessionid:0x10000e4d90a0000 type:multi cxid:0x38 zxid:0x1c txntype:-1 reqpath:n/a aborting remaining multi ops. Error Path:/admin/preferred_replica_election Error:KeeperErrorCode = NoNode for /admin/preferred_replica_election (org.apache.zookeeper.server.PrepRequestProcessor)
[2019-12-11 01:28:17,969] INFO Creating topic interactions with configuration {} and initial partition assignment Map(0 -> ArrayBuffer(0)) (kafka.zk.AdminZkClient)
[2019-12-11 01:28:17,971] INFO Got user-level KeeperException when processing sessionid:0x10000e4d90a0000 type:setData cxid:0x3e zxid:0x1d txntype:-1 reqpath:n/a Error Path:/config/topics/interactions Error:KeeperErrorCode = NoNode for /config/topics/interactions (org.apache.zookeeper.server.PrepRequestProcessor)
[2019-12-11 01:28:18,051] INFO [ReplicaFetcherManager on broker 0] Removed fetcher for partitions Set(interactions-0) (kafka.server.ReplicaFetcherManager)
[2019-12-11 01:28:18,107] INFO [Log partition=interactions-0, dir=/tmp/kafka-logs] Loading producer state till offset 0 with message format version 2 (kafka.log.Log)
[2019-12-11 01:28:18,112] INFO [Log partition=interactions-0, dir=/tmp/kafka-logs] Completed load of log with 1 segments, log start offset 0 and log end offset 0 in 40 ms (kafka.log.Log)
[2019-12-11 01:28:18,114] INFO Created log for partition interactions-0 in /tmp/kafka-logs with properties {compression.type -> producer, message.downconversion.enable -> true, min.insync.replicas -> 1, segment.jitter.ms -> 0, cleanup.policy -> [delete], flush.ms -> 9223372036854775807, segment.bytes -> 1073741824, retention.ms -> 604800000, flush.messages -> 9223372036854775807, message.format.version -> 2.3-IV1, file.delete.delay.ms -> 60000, max.compaction.lag.ms -> 9223372036854775807, max.message.bytes -> 1000012, min.compaction.lag.ms -> 0, message.timestamp.type -> CreateTime, preallocate -> false, min.cleanable.dirty.ratio -> 0.5, index.interval.bytes -> 4096, unclean.leader.election.enable -> false, retention.bytes -> -1, delete.retention.ms -> 86400000, segment.ms -> 604800000, message.timestamp.difference.max.ms -> 9223372036854775807, segment.index.bytes -> 10485760}. (kafka.log.LogManager)
[2019-12-11 01:28:18,115] INFO [Partition interactions-0 broker=0] No checkpointed highwatermark is found for partition interactions-0 (kafka.cluster.Partition)
[2019-12-11 01:28:18,116] INFO Replica loaded for partition interactions-0 with initial high watermark 0 (kafka.cluster.Replica)
[2019-12-11 01:28:18,118] INFO [Partition interactions-0 broker=0] interactions-0 starts at Leader Epoch 0 from offset 0. Previous Leader Epoch was: -1 (kafka.cluster.Partition)
[2019-12-11 01:28:43,238] INFO Creating topic changes with configuration {} and initial partition assignment Map(0 -> ArrayBuffer(0)) (kafka.zk.AdminZkClient)
[2019-12-11 01:28:43,240] INFO Got user-level KeeperException when processing sessionid:0x10000e4d90a0000 type:setData cxid:0x48 zxid:0x23 txntype:-1 reqpath:n/a Error Path:/config/topics/changes Error:KeeperErrorCode = NoNode for /config/topics/changes (org.apache.zookeeper.server.PrepRequestProcessor)
[2019-12-11 01:28:43,255] INFO [ReplicaFetcherManager on broker 0] Removed fetcher for partitions Set(changes-0) (kafka.server.ReplicaFetcherManager)
[2019-12-11 01:28:43,258] INFO [Log partition=changes-0, dir=/tmp/kafka-logs] Loading producer state till offset 0 with message format version 2 (kafka.log.Log)
[2019-12-11 01:28:43,259] INFO [Log partition=changes-0, dir=/tmp/kafka-logs] Completed load of log with 1 segments, log start offset 0 and log end offset 0 in 2 ms (kafka.log.Log)
[2019-12-11 01:28:43,260] INFO Created log for partition changes-0 in /tmp/kafka-logs with properties {compression.type -> producer, message.downconversion.enable -> true, min.insync.replicas -> 1, segment.jitter.ms -> 0, cleanup.policy -> [delete], flush.ms -> 9223372036854775807, segment.bytes -> 1073741824, retention.ms -> 604800000, flush.messages -> 9223372036854775807, message.format.version -> 2.3-IV1, file.delete.delay.ms -> 60000, max.compaction.lag.ms -> 9223372036854775807, max.message.bytes -> 1000012, min.compaction.lag.ms -> 0, message.timestamp.type -> CreateTime, preallocate -> false, min.cleanable.dirty.ratio -> 0.5, index.interval.bytes -> 4096, unclean.leader.election.enable -> false, retention.bytes -> -1, delete.retention.ms -> 86400000, segment.ms -> 604800000, message.timestamp.difference.max.ms -> 9223372036854775807, segment.index.bytes -> 10485760}. (kafka.log.LogManager)
[2019-12-11 01:28:43,260] INFO [Partition changes-0 broker=0] No checkpointed highwatermark is found for partition changes-0 (kafka.cluster.Partition)
[2019-12-11 01:28:43,261] INFO Replica loaded for partition changes-0 with initial high watermark 0 (kafka.cluster.Replica)
[2019-12-11 01:28:43,261] INFO [Partition changes-0 broker=0] changes-0 starts at Leader Epoch 0 from offset 0. Previous Leader Epoch was: -1 (kafka.cluster.Partition)
[2019-12-11 01:36:47,826] INFO Terminating process due to signal SIGINT (org.apache.kafka.common.utils.LoggingSignalHandler)
[2019-12-11 01:36:47,848] INFO [KafkaServer id=0] shutting down (kafka.server.KafkaServer)
[2019-12-11 01:36:47,850] INFO [KafkaServer id=0] Starting controlled shutdown (kafka.server.KafkaServer)
[2019-12-11 01:36:47,882] INFO [KafkaServer id=0] Controlled shutdown succeeded (kafka.server.KafkaServer)
[2019-12-11 01:36:47,890] INFO [/config/changes-event-process-thread]: Shutting down (kafka.common.ZkNodeChangeNotificationListener$ChangeEventProcessThread)
[2019-12-11 01:36:47,891] INFO [/config/changes-event-process-thread]: Stopped (kafka.common.ZkNodeChangeNotificationListener$ChangeEventProcessThread)
[2019-12-11 01:36:47,891] INFO [/config/changes-event-process-thread]: Shutdown completed (kafka.common.ZkNodeChangeNotificationListener$ChangeEventProcessThread)
[2019-12-11 01:36:47,892] INFO [SocketServer brokerId=0] Stopping socket server request processors (kafka.network.SocketServer)
[2019-12-11 01:36:47,905] INFO [SocketServer brokerId=0] Stopped socket server request processors (kafka.network.SocketServer)
[2019-12-11 01:36:47,906] INFO [data-plane Kafka Request Handler on Broker 0], shutting down (kafka.server.KafkaRequestHandlerPool)
[2019-12-11 01:36:47,909] INFO [data-plane Kafka Request Handler on Broker 0], shut down completely (kafka.server.KafkaRequestHandlerPool)
[2019-12-11 01:36:47,914] INFO [KafkaApi-0] Shutdown complete. (kafka.server.KafkaApis)
[2019-12-11 01:36:47,916] INFO [ExpirationReaper-0-topic]: Shutting down (kafka.server.DelayedOperationPurgatory$ExpiredOperationReaper)
[2019-12-11 01:36:48,101] INFO [ExpirationReaper-0-topic]: Stopped (kafka.server.DelayedOperationPurgatory$ExpiredOperationReaper)
[2019-12-11 01:36:48,101] INFO [ExpirationReaper-0-topic]: Shutdown completed (kafka.server.DelayedOperationPurgatory$ExpiredOperationReaper)
[2019-12-11 01:36:48,105] INFO [TransactionCoordinator id=0] Shutting down. (kafka.coordinator.transaction.TransactionCoordinator)
[2019-12-11 01:36:48,106] INFO [ProducerId Manager 0]: Shutdown complete: last producerId assigned 0 (kafka.coordinator.transaction.ProducerIdManager)
[2019-12-11 01:36:48,107] INFO [Transaction State Manager 0]: Shutdown complete (kafka.coordinator.transaction.TransactionStateManager)
[2019-12-11 01:36:48,107] INFO [Transaction Marker Channel Manager 0]: Shutting down (kafka.coordinator.transaction.TransactionMarkerChannelManager)
[2019-12-11 01:36:48,107] INFO [Transaction Marker Channel Manager 0]: Stopped (kafka.coordinator.transaction.TransactionMarkerChannelManager)
[2019-12-11 01:36:48,107] INFO [Transaction Marker Channel Manager 0]: Shutdown completed (kafka.coordinator.transaction.TransactionMarkerChannelManager)
[2019-12-11 01:36:48,108] INFO [TransactionCoordinator id=0] Shutdown complete. (kafka.coordinator.transaction.TransactionCoordinator)
[2019-12-11 01:36:48,109] INFO [GroupCoordinator 0]: Shutting down. (kafka.coordinator.group.GroupCoordinator)
[2019-12-11 01:36:48,109] INFO [ExpirationReaper-0-Heartbeat]: Shutting down (kafka.server.DelayedOperationPurgatory$ExpiredOperationReaper)
[2019-12-11 01:36:48,304] INFO [ExpirationReaper-0-Heartbeat]: Stopped (kafka.server.DelayedOperationPurgatory$ExpiredOperationReaper)
[2019-12-11 01:36:48,304] INFO [ExpirationReaper-0-Heartbeat]: Shutdown completed (kafka.server.DelayedOperationPurgatory$ExpiredOperationReaper)
[2019-12-11 01:36:48,304] INFO [ExpirationReaper-0-Rebalance]: Shutting down (kafka.server.DelayedOperationPurgatory$ExpiredOperationReaper)
[2019-12-11 01:36:48,410] INFO [ExpirationReaper-0-Rebalance]: Stopped (kafka.server.DelayedOperationPurgatory$ExpiredOperationReaper)
[2019-12-11 01:36:48,410] INFO [ExpirationReaper-0-Rebalance]: Shutdown completed (kafka.server.DelayedOperationPurgatory$ExpiredOperationReaper)
[2019-12-11 01:36:48,411] INFO [GroupCoordinator 0]: Shutdown complete. (kafka.coordinator.group.GroupCoordinator)
[2019-12-11 01:36:48,413] INFO [ReplicaManager broker=0] Shutting down (kafka.server.ReplicaManager)
[2019-12-11 01:36:48,413] INFO [LogDirFailureHandler]: Shutting down (kafka.server.ReplicaManager$LogDirFailureHandler)
[2019-12-11 01:36:48,414] INFO [LogDirFailureHandler]: Stopped (kafka.server.ReplicaManager$LogDirFailureHandler)
[2019-12-11 01:36:48,414] INFO [LogDirFailureHandler]: Shutdown completed (kafka.server.ReplicaManager$LogDirFailureHandler)
[2019-12-11 01:36:48,415] INFO [ReplicaFetcherManager on broker 0] shutting down (kafka.server.ReplicaFetcherManager)
[2019-12-11 01:36:48,416] INFO [ReplicaFetcherManager on broker 0] shutdown completed (kafka.server.ReplicaFetcherManager)
[2019-12-11 01:36:48,417] INFO [ReplicaAlterLogDirsManager on broker 0] shutting down (kafka.server.ReplicaAlterLogDirsManager)
[2019-12-11 01:36:48,418] INFO [ReplicaAlterLogDirsManager on broker 0] shutdown completed (kafka.server.ReplicaAlterLogDirsManager)
[2019-12-11 01:36:48,418] INFO [ExpirationReaper-0-Fetch]: Shutting down (kafka.server.DelayedOperationPurgatory$ExpiredOperationReaper)
[2019-12-11 01:36:48,582] INFO [ExpirationReaper-0-Fetch]: Shutdown completed (kafka.server.DelayedOperationPurgatory$ExpiredOperationReaper)
[2019-12-11 01:36:48,582] INFO [ExpirationReaper-0-Fetch]: Stopped (kafka.server.DelayedOperationPurgatory$ExpiredOperationReaper)
[2019-12-11 01:36:48,585] INFO [ExpirationReaper-0-Produce]: Shutting down (kafka.server.DelayedOperationPurgatory$ExpiredOperationReaper)
[2019-12-11 01:36:48,614] INFO [ExpirationReaper-0-Produce]: Stopped (kafka.server.DelayedOperationPurgatory$ExpiredOperationReaper)
[2019-12-11 01:36:48,614] INFO [ExpirationReaper-0-Produce]: Shutdown completed (kafka.server.DelayedOperationPurgatory$ExpiredOperationReaper)
[2019-12-11 01:36:48,614] INFO [ExpirationReaper-0-DeleteRecords]: Shutting down (kafka.server.DelayedOperationPurgatory$ExpiredOperationReaper)
[2019-12-11 01:36:48,707] INFO [ExpirationReaper-0-DeleteRecords]: Stopped (kafka.server.DelayedOperationPurgatory$ExpiredOperationReaper)
[2019-12-11 01:36:48,707] INFO [ExpirationReaper-0-DeleteRecords]: Shutdown completed (kafka.server.DelayedOperationPurgatory$ExpiredOperationReaper)
[2019-12-11 01:36:48,708] INFO [ExpirationReaper-0-ElectPreferredLeader]: Shutting down (kafka.server.DelayedOperationPurgatory$ExpiredOperationReaper)
[2019-12-11 01:36:48,783] INFO [ExpirationReaper-0-ElectPreferredLeader]: Stopped (kafka.server.DelayedOperationPurgatory$ExpiredOperationReaper)
[2019-12-11 01:36:48,783] INFO [ExpirationReaper-0-ElectPreferredLeader]: Shutdown completed (kafka.server.DelayedOperationPurgatory$ExpiredOperationReaper)
[2019-12-11 01:36:48,788] INFO [ReplicaManager broker=0] Shut down completely (kafka.server.ReplicaManager)
[2019-12-11 01:36:48,790] INFO Shutting down. (kafka.log.LogManager)
[2019-12-11 01:36:48,828] INFO Shutdown complete. (kafka.log.LogManager)
[2019-12-11 01:36:48,838] INFO [ZooKeeperClient Kafka server] Closing. (kafka.zookeeper.ZooKeeperClient)
[2019-12-11 01:36:48,840] INFO Processed session termination for sessionid: 0x10000e4d90a0000 (org.apache.zookeeper.server.PrepRequestProcessor)
[2019-12-11 01:36:48,847] INFO Closed socket connection for client /0:0:0:0:0:0:0:1:50676 which had sessionid 0x10000e4d90a0000 (org.apache.zookeeper.server.NIOServerCnxn)
[2019-12-11 01:36:48,848] INFO Session: 0x10000e4d90a0000 closed (org.apache.zookeeper.ZooKeeper)
[2019-12-11 01:36:48,849] INFO [ZooKeeperClient Kafka server] Closed. (kafka.zookeeper.ZooKeeperClient)
[2019-12-11 01:36:48,849] INFO EventThread shut down for session: 0x10000e4d90a0000 (org.apache.zookeeper.ClientCnxn)
[2019-12-11 01:36:48,850] INFO [ThrottledChannelReaper-Fetch]: Shutting down (kafka.server.ClientQuotaManager$ThrottledChannelReaper)
[2019-12-11 01:36:48,995] INFO [ThrottledChannelReaper-Fetch]: Stopped (kafka.server.ClientQuotaManager$ThrottledChannelReaper)
[2019-12-11 01:36:48,995] INFO [ThrottledChannelReaper-Fetch]: Shutdown completed (kafka.server.ClientQuotaManager$ThrottledChannelReaper)
[2019-12-11 01:36:48,995] INFO [ThrottledChannelReaper-Produce]: Shutting down (kafka.server.ClientQuotaManager$ThrottledChannelReaper)
[2019-12-11 01:36:49,995] INFO [ThrottledChannelReaper-Produce]: Stopped (kafka.server.ClientQuotaManager$ThrottledChannelReaper)
[2019-12-11 01:36:49,995] INFO [ThrottledChannelReaper-Produce]: Shutdown completed (kafka.server.ClientQuotaManager$ThrottledChannelReaper)
[2019-12-11 01:36:49,996] INFO [ThrottledChannelReaper-Request]: Shutting down (kafka.server.ClientQuotaManager$ThrottledChannelReaper)
[2019-12-11 01:36:50,997] INFO [ThrottledChannelReaper-Request]: Shutdown completed (kafka.server.ClientQuotaManager$ThrottledChannelReaper)
[2019-12-11 01:36:50,997] INFO [ThrottledChannelReaper-Request]: Stopped (kafka.server.ClientQuotaManager$ThrottledChannelReaper)
[2019-12-11 01:36:50,999] INFO [SocketServer brokerId=0] Shutting down socket server (kafka.network.SocketServer)
[2019-12-11 01:36:51,032] INFO [SocketServer brokerId=0] Shutdown completed (kafka.network.SocketServer)
[2019-12-11 01:36:51,037] INFO [KafkaServer id=0] shut down completed (kafka.server.KafkaServer)
