[2019-12-11 01:25:44,799] DEBUG preRegister called. Server=com.sun.jmx.mbeanserver.JmxMBeanServer@66d3c617, name=log4j:logger=state.change.logger (state.change.logger)
[2019-12-11 01:27:18,435] TRACE [Controller id=0 epoch=1] Received response {error_code=0} for request UPDATE_METADATA with correlation id 0 sent to broker 10.0.0.149:9092 (id: 0 rack: null) (state.change.logger)
[2019-12-11 01:28:17,993] TRACE [Controller id=0 epoch=1] Changed partition interactions-0 state from NonExistentPartition to NewPartition with assigned replicas 0 (state.change.logger)
[2019-12-11 01:28:18,000] TRACE [Controller id=0 epoch=1] Changed state of replica 0 for partition interactions-0 from NonExistentReplica to NewReplica (state.change.logger)
[2019-12-11 01:28:18,022] TRACE [Controller id=0 epoch=1] Changed partition interactions-0 from NewPartition to OnlinePartition with state LeaderAndIsr(leader=0, leaderEpoch=0, isr=List(0), zkVersion=0) (state.change.logger)
[2019-12-11 01:28:18,023] TRACE [Controller id=0 epoch=1] Sending become-leader LeaderAndIsr request PartitionState(controllerEpoch=1, leader=0, leaderEpoch=0, isr=0, zkVersion=0, replicas=0, isNew=true) to broker 0 for partition interactions-0 (state.change.logger)
[2019-12-11 01:28:18,026] TRACE [Controller id=0 epoch=1] Sending UpdateMetadata request PartitionState(controllerEpoch=1, leader=0, leaderEpoch=0, isr=[0], zkVersion=0, replicas=[0], offlineReplicas=[]) to brokers Set(0) for partition interactions-0 (state.change.logger)
[2019-12-11 01:28:18,027] TRACE [Controller id=0 epoch=1] Changed state of replica 0 for partition interactions-0 from NewReplica to OnlineReplica (state.change.logger)
[2019-12-11 01:28:18,033] TRACE [Broker id=0] Received LeaderAndIsr request PartitionState(controllerEpoch=1, leader=0, leaderEpoch=0, isr=0, zkVersion=0, replicas=0, isNew=true) correlation id 1 from controller 0 epoch 1 for partition interactions-0 (state.change.logger)
[2019-12-11 01:28:18,050] TRACE [Broker id=0] Handling LeaderAndIsr request correlationId 1 from controller 0 epoch 1 starting the become-leader transition for partition interactions-0 (state.change.logger)
[2019-12-11 01:28:18,128] TRACE [Broker id=0] Stopped fetchers as part of become-leader request from controller 0 epoch 1 with correlation id 1 for partition interactions-0 (last update controller epoch 1) (state.change.logger)
[2019-12-11 01:28:18,129] TRACE [Broker id=0] Completed LeaderAndIsr request correlationId 1 from controller 0 epoch 1 for the become-leader transition for partition interactions-0 (state.change.logger)
[2019-12-11 01:28:18,144] TRACE [Controller id=0 epoch=1] Received response {error_code=0,partitions=[{topic=interactions,partition=0,error_code=0}]} for request LEADER_AND_ISR with correlation id 1 sent to broker 10.0.0.149:9092 (id: 0 rack: null) (state.change.logger)
[2019-12-11 01:28:18,149] TRACE [Broker id=0] Cached leader info PartitionState(controllerEpoch=1, leader=0, leaderEpoch=0, isr=[0], zkVersion=0, replicas=[0], offlineReplicas=[]) for partition interactions-0 in response to UpdateMetadata request sent by controller 0 epoch 1 with correlation id 2 (state.change.logger)
[2019-12-11 01:28:18,158] TRACE [Controller id=0 epoch=1] Received response {error_code=0} for request UPDATE_METADATA with correlation id 2 sent to broker 10.0.0.149:9092 (id: 0 rack: null) (state.change.logger)
[2019-12-11 01:28:43,247] TRACE [Controller id=0 epoch=1] Changed partition changes-0 state from NonExistentPartition to NewPartition with assigned replicas 0 (state.change.logger)
[2019-12-11 01:28:43,248] TRACE [Controller id=0 epoch=1] Changed state of replica 0 for partition changes-0 from NonExistentReplica to NewReplica (state.change.logger)
[2019-12-11 01:28:43,253] TRACE [Controller id=0 epoch=1] Changed partition changes-0 from NewPartition to OnlinePartition with state LeaderAndIsr(leader=0, leaderEpoch=0, isr=List(0), zkVersion=0) (state.change.logger)
[2019-12-11 01:28:43,253] TRACE [Controller id=0 epoch=1] Sending become-leader LeaderAndIsr request PartitionState(controllerEpoch=1, leader=0, leaderEpoch=0, isr=0, zkVersion=0, replicas=0, isNew=true) to broker 0 for partition changes-0 (state.change.logger)
[2019-12-11 01:28:43,254] TRACE [Controller id=0 epoch=1] Sending UpdateMetadata request PartitionState(controllerEpoch=1, leader=0, leaderEpoch=0, isr=[0], zkVersion=0, replicas=[0], offlineReplicas=[]) to brokers Set(0) for partition changes-0 (state.change.logger)
[2019-12-11 01:28:43,254] TRACE [Controller id=0 epoch=1] Changed state of replica 0 for partition changes-0 from NewReplica to OnlineReplica (state.change.logger)
[2019-12-11 01:28:43,254] TRACE [Broker id=0] Received LeaderAndIsr request PartitionState(controllerEpoch=1, leader=0, leaderEpoch=0, isr=0, zkVersion=0, replicas=0, isNew=true) correlation id 3 from controller 0 epoch 1 for partition changes-0 (state.change.logger)
[2019-12-11 01:28:43,255] TRACE [Broker id=0] Handling LeaderAndIsr request correlationId 3 from controller 0 epoch 1 starting the become-leader transition for partition changes-0 (state.change.logger)
[2019-12-11 01:28:43,262] TRACE [Broker id=0] Stopped fetchers as part of become-leader request from controller 0 epoch 1 with correlation id 3 for partition changes-0 (last update controller epoch 1) (state.change.logger)
[2019-12-11 01:28:43,262] TRACE [Broker id=0] Completed LeaderAndIsr request correlationId 3 from controller 0 epoch 1 for the become-leader transition for partition changes-0 (state.change.logger)
[2019-12-11 01:28:43,263] TRACE [Controller id=0 epoch=1] Received response {error_code=0,partitions=[{topic=changes,partition=0,error_code=0}]} for request LEADER_AND_ISR with correlation id 3 sent to broker 10.0.0.149:9092 (id: 0 rack: null) (state.change.logger)
[2019-12-11 01:28:43,263] TRACE [Broker id=0] Cached leader info PartitionState(controllerEpoch=1, leader=0, leaderEpoch=0, isr=[0], zkVersion=0, replicas=[0], offlineReplicas=[]) for partition changes-0 in response to UpdateMetadata request sent by controller 0 epoch 1 with correlation id 4 (state.change.logger)
[2019-12-11 01:28:43,264] TRACE [Controller id=0 epoch=1] Received response {error_code=0} for request UPDATE_METADATA with correlation id 4 sent to broker 10.0.0.149:9092 (id: 0 rack: null) (state.change.logger)
